Start testing: Feb 17 16:48 PST
----------------------------------------------------------
1/50 Testing: Pivot.Empty
1/50 Test: Pivot.Empty
Command: "/usr/bin/valgrind" "--tool=memcheck" "--leak-check=yes" "--trace-children=no" "--error-exitcode=113" "/work/hw3/hw3/hw3_tests/llrec_tests/llrec_tests" "--gtest_filter=Pivot.Empty"
Directory: /work/hw3/hw3/hw3_tests/llrec_tests
"Pivot.Empty" start time: Feb 17 16:48 PST
Output:
----------------------------------------------------------
==110== Memcheck, a memory error detector
==110== Copyright (C) 2002-2017, and GNU GPL'd, by Julian Seward et al.
==110== Using Valgrind-3.15.0 and LibVEX; rerun with -h for copyright info
==110== Command: /work/hw3/hw3/hw3_tests/llrec_tests/llrec_tests --gtest_filter=Pivot.Empty
==110== 
Running main() from /build/googletest-j5yxiC/googletest-1.10.0/googletest/src/gtest_main.cc
Note: Google Test filter = Pivot.Empty
[==========] Running 1 test from 1 test suite.
[----------] Global test environment set-up.
[----------] 1 test from Pivot
[ RUN      ] Pivot.Empty
[       OK ] Pivot.Empty (4 ms)
[----------] 1 test from Pivot (8 ms total)

[----------] Global test environment tear-down
[==========] 1 test from 1 test suite ran. (23 ms total)
[  PASSED  ] 1 test.
==110== 
==110== HEAP SUMMARY:
==110==     in use at exit: 0 bytes in 0 blocks
==110==   total heap usage: 372 allocs, 372 frees, 127,358 bytes allocated
==110== 
==110== All heap blocks were freed -- no leaks are possible
==110== 
==110== For lists of detected and suppressed errors, rerun with: -s
==110== ERROR SUMMARY: 0 errors from 0 contexts (suppressed: 0 from 0)
<end of output>
Test time =   0.83 sec
----------------------------------------------------------
Test Passed.
"Pivot.Empty" end time: Feb 17 16:48 PST
"Pivot.Empty" time elapsed: 00:00:00
----------------------------------------------------------

2/50 Testing: Pivot.Size1SmallEmpty
2/50 Test: Pivot.Size1SmallEmpty
Command: "/usr/bin/valgrind" "--tool=memcheck" "--leak-check=yes" "--trace-children=no" "--error-exitcode=113" "/work/hw3/hw3/hw3_tests/llrec_tests/llrec_tests" "--gtest_filter=Pivot.Size1SmallEmpty"
Directory: /work/hw3/hw3/hw3_tests/llrec_tests
"Pivot.Size1SmallEmpty" start time: Feb 17 16:48 PST
Output:
----------------------------------------------------------
==111== Memcheck, a memory error detector
==111== Copyright (C) 2002-2017, and GNU GPL'd, by Julian Seward et al.
==111== Using Valgrind-3.15.0 and LibVEX; rerun with -h for copyright info
==111== Command: /work/hw3/hw3/hw3_tests/llrec_tests/llrec_tests --gtest_filter=Pivot.Size1SmallEmpty
==111== 
Running main() from /build/googletest-j5yxiC/googletest-1.10.0/googletest/src/gtest_main.cc
Note: Google Test filter = Pivot.Size1SmallEmpty
[==========] Running 1 test from 1 test suite.
[----------] Global test environment set-up.
[----------] 1 test from Pivot
[ RUN      ] Pivot.Size1SmallEmpty
[       OK ] Pivot.Size1SmallEmpty (12 ms)
[----------] 1 test from Pivot (16 ms total)

[----------] Global test environment tear-down
[==========] 1 test from 1 test suite ran. (30 ms total)
[  PASSED  ] 1 test.
==111== 
==111== HEAP SUMMARY:
==111==     in use at exit: 0 bytes in 0 blocks
==111==   total heap usage: 400 allocs, 400 frees, 128,219 bytes allocated
==111== 
==111== All heap blocks were freed -- no leaks are possible
==111== 
==111== For lists of detected and suppressed errors, rerun with: -s
==111== ERROR SUMMARY: 0 errors from 0 contexts (suppressed: 0 from 0)
<end of output>
Test time =   0.71 sec
----------------------------------------------------------
Test Passed.
"Pivot.Size1SmallEmpty" end time: Feb 17 16:48 PST
"Pivot.Size1SmallEmpty" time elapsed: 00:00:00
----------------------------------------------------------

3/50 Testing: Pivot.Size1LargeEmpty
3/50 Test: Pivot.Size1LargeEmpty
Command: "/usr/bin/valgrind" "--tool=memcheck" "--leak-check=yes" "--trace-children=no" "--error-exitcode=113" "/work/hw3/hw3/hw3_tests/llrec_tests/llrec_tests" "--gtest_filter=Pivot.Size1LargeEmpty"
Directory: /work/hw3/hw3/hw3_tests/llrec_tests
"Pivot.Size1LargeEmpty" start time: Feb 17 16:48 PST
Output:
----------------------------------------------------------
==112== Memcheck, a memory error detector
==112== Copyright (C) 2002-2017, and GNU GPL'd, by Julian Seward et al.
==112== Using Valgrind-3.15.0 and LibVEX; rerun with -h for copyright info
==112== Command: /work/hw3/hw3/hw3_tests/llrec_tests/llrec_tests --gtest_filter=Pivot.Size1LargeEmpty
==112== 
Running main() from /build/googletest-j5yxiC/googletest-1.10.0/googletest/src/gtest_main.cc
Note: Google Test filter = Pivot.Size1LargeEmpty
[==========] Running 1 test from 1 test suite.
[----------] Global test environment set-up.
[----------] 1 test from Pivot
[ RUN      ] Pivot.Size1LargeEmpty
[       OK ] Pivot.Size1LargeEmpty (12 ms)
[----------] 1 test from Pivot (16 ms total)

[----------] Global test environment tear-down
[==========] 1 test from 1 test suite ran. (30 ms total)
[  PASSED  ] 1 test.
==112== 
==112== HEAP SUMMARY:
==112==     in use at exit: 0 bytes in 0 blocks
==112==   total heap usage: 400 allocs, 400 frees, 128,219 bytes allocated
==112== 
==112== All heap blocks were freed -- no leaks are possible
==112== 
==112== For lists of detected and suppressed errors, rerun with: -s
==112== ERROR SUMMARY: 0 errors from 0 contexts (suppressed: 0 from 0)
<end of output>
Test time =   0.70 sec
----------------------------------------------------------
Test Passed.
"Pivot.Size1LargeEmpty" end time: Feb 17 16:48 PST
"Pivot.Size1LargeEmpty" time elapsed: 00:00:00
----------------------------------------------------------

4/50 Testing: Pivot.Size2SmallLarge
4/50 Test: Pivot.Size2SmallLarge
Command: "/usr/bin/valgrind" "--tool=memcheck" "--leak-check=yes" "--trace-children=no" "--error-exitcode=113" "/work/hw3/hw3/hw3_tests/llrec_tests/llrec_tests" "--gtest_filter=Pivot.Size2SmallLarge"
Directory: /work/hw3/hw3/hw3_tests/llrec_tests
"Pivot.Size2SmallLarge" start time: Feb 17 16:48 PST
Output:
----------------------------------------------------------
==113== Memcheck, a memory error detector
==113== Copyright (C) 2002-2017, and GNU GPL'd, by Julian Seward et al.
==113== Using Valgrind-3.15.0 and LibVEX; rerun with -h for copyright info
==113== Command: /work/hw3/hw3/hw3_tests/llrec_tests/llrec_tests --gtest_filter=Pivot.Size2SmallLarge
==113== 
Running main() from /build/googletest-j5yxiC/googletest-1.10.0/googletest/src/gtest_main.cc
Note: Google Test filter = Pivot.Size2SmallLarge
[==========] Running 1 test from 1 test suite.
[----------] Global test environment set-up.
[----------] 1 test from Pivot
[ RUN      ] Pivot.Size2SmallLarge
[       OK ] Pivot.Size2SmallLarge (12 ms)
[----------] 1 test from Pivot (16 ms total)

[----------] Global test environment tear-down
[==========] 1 test from 1 test suite ran. (31 ms total)
[  PASSED  ] 1 test.
==113== 
==113== HEAP SUMMARY:
==113==     in use at exit: 0 bytes in 0 blocks
==113==   total heap usage: 402 allocs, 402 frees, 128,243 bytes allocated
==113== 
==113== All heap blocks were freed -- no leaks are possible
==113== 
==113== For lists of detected and suppressed errors, rerun with: -s
==113== ERROR SUMMARY: 0 errors from 0 contexts (suppressed: 0 from 0)
<end of output>
Test time =   0.77 sec
----------------------------------------------------------
Test Passed.
"Pivot.Size2SmallLarge" end time: Feb 17 16:48 PST
"Pivot.Size2SmallLarge" time elapsed: 00:00:00
----------------------------------------------------------

5/50 Testing: Pivot.Size2LargeSmall
5/50 Test: Pivot.Size2LargeSmall
Command: "/usr/bin/valgrind" "--tool=memcheck" "--leak-check=yes" "--trace-children=no" "--error-exitcode=113" "/work/hw3/hw3/hw3_tests/llrec_tests/llrec_tests" "--gtest_filter=Pivot.Size2LargeSmall"
Directory: /work/hw3/hw3/hw3_tests/llrec_tests
"Pivot.Size2LargeSmall" start time: Feb 17 16:48 PST
Output:
----------------------------------------------------------
==114== Memcheck, a memory error detector
==114== Copyright (C) 2002-2017, and GNU GPL'd, by Julian Seward et al.
==114== Using Valgrind-3.15.0 and LibVEX; rerun with -h for copyright info
==114== Command: /work/hw3/hw3/hw3_tests/llrec_tests/llrec_tests --gtest_filter=Pivot.Size2LargeSmall
==114== 
Running main() from /build/googletest-j5yxiC/googletest-1.10.0/googletest/src/gtest_main.cc
Note: Google Test filter = Pivot.Size2LargeSmall
[==========] Running 1 test from 1 test suite.
[----------] Global test environment set-up.
[----------] 1 test from Pivot
[ RUN      ] Pivot.Size2LargeSmall
[       OK ] Pivot.Size2LargeSmall (12 ms)
[----------] 1 test from Pivot (16 ms total)

[----------] Global test environment tear-down
[==========] 1 test from 1 test suite ran. (30 ms total)
[  PASSED  ] 1 test.
==114== 
==114== HEAP SUMMARY:
==114==     in use at exit: 0 bytes in 0 blocks
==114==   total heap usage: 402 allocs, 402 frees, 128,243 bytes allocated
==114== 
==114== All heap blocks were freed -- no leaks are possible
==114== 
==114== For lists of detected and suppressed errors, rerun with: -s
==114== ERROR SUMMARY: 0 errors from 0 contexts (suppressed: 0 from 0)
<end of output>
Test time =   0.69 sec
----------------------------------------------------------
Test Passed.
"Pivot.Size2LargeSmall" end time: Feb 17 16:48 PST
"Pivot.Size2LargeSmall" time elapsed: 00:00:00
----------------------------------------------------------

6/50 Testing: Pivot.Size3LargeSmallLarge
6/50 Test: Pivot.Size3LargeSmallLarge
Command: "/usr/bin/valgrind" "--tool=memcheck" "--leak-check=yes" "--trace-children=no" "--error-exitcode=113" "/work/hw3/hw3/hw3_tests/llrec_tests/llrec_tests" "--gtest_filter=Pivot.Size3LargeSmallLarge"
Directory: /work/hw3/hw3/hw3_tests/llrec_tests
"Pivot.Size3LargeSmallLarge" start time: Feb 17 16:48 PST
Output:
----------------------------------------------------------
==115== Memcheck, a memory error detector
==115== Copyright (C) 2002-2017, and GNU GPL'd, by Julian Seward et al.
==115== Using Valgrind-3.15.0 and LibVEX; rerun with -h for copyright info
==115== Command: /work/hw3/hw3/hw3_tests/llrec_tests/llrec_tests --gtest_filter=Pivot.Size3LargeSmallLarge
==115== 
Running main() from /build/googletest-j5yxiC/googletest-1.10.0/googletest/src/gtest_main.cc
Note: Google Test filter = Pivot.Size3LargeSmallLarge
[==========] Running 1 test from 1 test suite.
[----------] Global test environment set-up.
[----------] 1 test from Pivot
[ RUN      ] Pivot.Size3LargeSmallLarge
[       OK ] Pivot.Size3LargeSmallLarge (13 ms)
[----------] 1 test from Pivot (17 ms total)

[----------] Global test environment tear-down
[==========] 1 test from 1 test suite ran. (31 ms total)
[  PASSED  ] 1 test.
==115== 
==115== HEAP SUMMARY:
==115==     in use at exit: 0 bytes in 0 blocks
==115==   total heap usage: 403 allocs, 403 frees, 128,302 bytes allocated
==115== 
==115== All heap blocks were freed -- no leaks are possible
==115== 
==115== For lists of detected and suppressed errors, rerun with: -s
==115== ERROR SUMMARY: 0 errors from 0 contexts (suppressed: 0 from 0)
<end of output>
Test time =   0.73 sec
----------------------------------------------------------
Test Passed.
"Pivot.Size3LargeSmallLarge" end time: Feb 17 16:48 PST
"Pivot.Size3LargeSmallLarge" time elapsed: 00:00:00
----------------------------------------------------------

7/50 Testing: Pivot.Size3SmallLargeSmall
7/50 Test: Pivot.Size3SmallLargeSmall
Command: "/usr/bin/valgrind" "--tool=memcheck" "--leak-check=yes" "--trace-children=no" "--error-exitcode=113" "/work/hw3/hw3/hw3_tests/llrec_tests/llrec_tests" "--gtest_filter=Pivot.Size3SmallLargeSmall"
Directory: /work/hw3/hw3/hw3_tests/llrec_tests
"Pivot.Size3SmallLargeSmall" start time: Feb 17 16:48 PST
Output:
----------------------------------------------------------
==116== Memcheck, a memory error detector
==116== Copyright (C) 2002-2017, and GNU GPL'd, by Julian Seward et al.
==116== Using Valgrind-3.15.0 and LibVEX; rerun with -h for copyright info
==116== Command: /work/hw3/hw3/hw3_tests/llrec_tests/llrec_tests --gtest_filter=Pivot.Size3SmallLargeSmall
==116== 
Running main() from /build/googletest-j5yxiC/googletest-1.10.0/googletest/src/gtest_main.cc
Note: Google Test filter = Pivot.Size3SmallLargeSmall
[==========] Running 1 test from 1 test suite.
[----------] Global test environment set-up.
[----------] 1 test from Pivot
[ RUN      ] Pivot.Size3SmallLargeSmall
[       OK ] Pivot.Size3SmallLargeSmall (16 ms)
[----------] 1 test from Pivot (20 ms total)

[----------] Global test environment tear-down
[==========] 1 test from 1 test suite ran. (34 ms total)
[  PASSED  ] 1 test.
==116== 
==116== HEAP SUMMARY:
==116==     in use at exit: 0 bytes in 0 blocks
==116==   total heap usage: 403 allocs, 403 frees, 128,302 bytes allocated
==116== 
==116== All heap blocks were freed -- no leaks are possible
==116== 
==116== For lists of detected and suppressed errors, rerun with: -s
==116== ERROR SUMMARY: 0 errors from 0 contexts (suppressed: 0 from 0)
<end of output>
Test time =   0.71 sec
----------------------------------------------------------
Test Passed.
"Pivot.Size3SmallLargeSmall" end time: Feb 17 16:48 PST
"Pivot.Size3SmallLargeSmall" time elapsed: 00:00:00
----------------------------------------------------------

8/50 Testing: Pivot.Size3LargeLargeSmall
8/50 Test: Pivot.Size3LargeLargeSmall
Command: "/usr/bin/valgrind" "--tool=memcheck" "--leak-check=yes" "--trace-children=no" "--error-exitcode=113" "/work/hw3/hw3/hw3_tests/llrec_tests/llrec_tests" "--gtest_filter=Pivot.Size3LargeLargeSmall"
Directory: /work/hw3/hw3/hw3_tests/llrec_tests
"Pivot.Size3LargeLargeSmall" start time: Feb 17 16:48 PST
Output:
----------------------------------------------------------
==117== Memcheck, a memory error detector
==117== Copyright (C) 2002-2017, and GNU GPL'd, by Julian Seward et al.
==117== Using Valgrind-3.15.0 and LibVEX; rerun with -h for copyright info
==117== Command: /work/hw3/hw3/hw3_tests/llrec_tests/llrec_tests --gtest_filter=Pivot.Size3LargeLargeSmall
==117== 
Running main() from /build/googletest-j5yxiC/googletest-1.10.0/googletest/src/gtest_main.cc
Note: Google Test filter = Pivot.Size3LargeLargeSmall
[==========] Running 1 test from 1 test suite.
[----------] Global test environment set-up.
[----------] 1 test from Pivot
[ RUN      ] Pivot.Size3LargeLargeSmall
[       OK ] Pivot.Size3LargeLargeSmall (12 ms)
[----------] 1 test from Pivot (16 ms total)

[----------] Global test environment tear-down
[==========] 1 test from 1 test suite ran. (30 ms total)
[  PASSED  ] 1 test.
==117== 
==117== HEAP SUMMARY:
==117==     in use at exit: 0 bytes in 0 blocks
==117==   total heap usage: 403 allocs, 403 frees, 128,302 bytes allocated
==117== 
==117== All heap blocks were freed -- no leaks are possible
==117== 
==117== For lists of detected and suppressed errors, rerun with: -s
==117== ERROR SUMMARY: 0 errors from 0 contexts (suppressed: 0 from 0)
<end of output>
Test time =   0.71 sec
----------------------------------------------------------
Test Passed.
"Pivot.Size3LargeLargeSmall" end time: Feb 17 16:48 PST
"Pivot.Size3LargeLargeSmall" time elapsed: 00:00:00
----------------------------------------------------------

9/50 Testing: Pivot.Size6SmallThenLarge
9/50 Test: Pivot.Size6SmallThenLarge
Command: "/usr/bin/valgrind" "--tool=memcheck" "--leak-check=yes" "--trace-children=no" "--error-exitcode=113" "/work/hw3/hw3/hw3_tests/llrec_tests/llrec_tests" "--gtest_filter=Pivot.Size6SmallThenLarge"
Directory: /work/hw3/hw3/hw3_tests/llrec_tests
"Pivot.Size6SmallThenLarge" start time: Feb 17 16:48 PST
Output:
----------------------------------------------------------
==118== Memcheck, a memory error detector
==118== Copyright (C) 2002-2017, and GNU GPL'd, by Julian Seward et al.
==118== Using Valgrind-3.15.0 and LibVEX; rerun with -h for copyright info
==118== Command: /work/hw3/hw3/hw3_tests/llrec_tests/llrec_tests --gtest_filter=Pivot.Size6SmallThenLarge
==118== 
Running main() from /build/googletest-j5yxiC/googletest-1.10.0/googletest/src/gtest_main.cc
Note: Google Test filter = Pivot.Size6SmallThenLarge
[==========] Running 1 test from 1 test suite.
[----------] Global test environment set-up.
[----------] 1 test from Pivot
[ RUN      ] Pivot.Size6SmallThenLarge
[       OK ] Pivot.Size6SmallThenLarge (13 ms)
[----------] 1 test from Pivot (16 ms total)

[----------] Global test environment tear-down
[==========] 1 test from 1 test suite ran. (31 ms total)
[  PASSED  ] 1 test.
==118== 
==118== HEAP SUMMARY:
==118==     in use at exit: 0 bytes in 0 blocks
==118==   total heap usage: 406 allocs, 406 frees, 128,367 bytes allocated
==118== 
==118== All heap blocks were freed -- no leaks are possible
==118== 
==118== For lists of detected and suppressed errors, rerun with: -s
==118== ERROR SUMMARY: 0 errors from 0 contexts (suppressed: 0 from 0)
<end of output>
Test time =   0.68 sec
----------------------------------------------------------
Test Passed.
"Pivot.Size6SmallThenLarge" end time: Feb 17 16:48 PST
"Pivot.Size6SmallThenLarge" time elapsed: 00:00:00
----------------------------------------------------------

10/50 Testing: Pivot.Size6LargeThenSmall
10/50 Test: Pivot.Size6LargeThenSmall
Command: "/usr/bin/valgrind" "--tool=memcheck" "--leak-check=yes" "--trace-children=no" "--error-exitcode=113" "/work/hw3/hw3/hw3_tests/llrec_tests/llrec_tests" "--gtest_filter=Pivot.Size6LargeThenSmall"
Directory: /work/hw3/hw3/hw3_tests/llrec_tests
"Pivot.Size6LargeThenSmall" start time: Feb 17 16:48 PST
Output:
----------------------------------------------------------
==119== Memcheck, a memory error detector
==119== Copyright (C) 2002-2017, and GNU GPL'd, by Julian Seward et al.
==119== Using Valgrind-3.15.0 and LibVEX; rerun with -h for copyright info
==119== Command: /work/hw3/hw3/hw3_tests/llrec_tests/llrec_tests --gtest_filter=Pivot.Size6LargeThenSmall
==119== 
Running main() from /build/googletest-j5yxiC/googletest-1.10.0/googletest/src/gtest_main.cc
Note: Google Test filter = Pivot.Size6LargeThenSmall
[==========] Running 1 test from 1 test suite.
[----------] Global test environment set-up.
[----------] 1 test from Pivot
[ RUN      ] Pivot.Size6LargeThenSmall
[       OK ] Pivot.Size6LargeThenSmall (12 ms)
[----------] 1 test from Pivot (16 ms total)

[----------] Global test environment tear-down
[==========] 1 test from 1 test suite ran. (30 ms total)
[  PASSED  ] 1 test.
==119== 
==119== HEAP SUMMARY:
==119==     in use at exit: 0 bytes in 0 blocks
==119==   total heap usage: 406 allocs, 406 frees, 128,367 bytes allocated
==119== 
==119== All heap blocks were freed -- no leaks are possible
==119== 
==119== For lists of detected and suppressed errors, rerun with: -s
==119== ERROR SUMMARY: 0 errors from 0 contexts (suppressed: 0 from 0)
<end of output>
Test time =   0.70 sec
----------------------------------------------------------
Test Passed.
"Pivot.Size6LargeThenSmall" end time: Feb 17 16:48 PST
"Pivot.Size6LargeThenSmall" time elapsed: 00:00:00
----------------------------------------------------------

11/50 Testing: Pivot.Nominal
11/50 Test: Pivot.Nominal
Command: "/usr/bin/valgrind" "--tool=memcheck" "--leak-check=yes" "--trace-children=no" "--error-exitcode=113" "/work/hw3/hw3/hw3_tests/llrec_tests/llrec_tests" "--gtest_filter=Pivot.Nominal"
Directory: /work/hw3/hw3/hw3_tests/llrec_tests
"Pivot.Nominal" start time: Feb 17 16:48 PST
Output:
----------------------------------------------------------
==120== Memcheck, a memory error detector
==120== Copyright (C) 2002-2017, and GNU GPL'd, by Julian Seward et al.
==120== Using Valgrind-3.15.0 and LibVEX; rerun with -h for copyright info
==120== Command: /work/hw3/hw3/hw3_tests/llrec_tests/llrec_tests --gtest_filter=Pivot.Nominal
==120== 
Running main() from /build/googletest-j5yxiC/googletest-1.10.0/googletest/src/gtest_main.cc
Note: Google Test filter = Pivot.Nominal
[==========] Running 1 test from 1 test suite.
[----------] Global test environment set-up.
[----------] 1 test from Pivot
[ RUN      ] Pivot.Nominal
[       OK ] Pivot.Nominal (12 ms)
[----------] 1 test from Pivot (17 ms total)

[----------] Global test environment tear-down
[==========] 1 test from 1 test suite ran. (31 ms total)
[  PASSED  ] 1 test.
==120== 
==120== HEAP SUMMARY:
==120==     in use at exit: 0 bytes in 0 blocks
==120==   total heap usage: 379 allocs, 379 frees, 127,464 bytes allocated
==120== 
==120== All heap blocks were freed -- no leaks are possible
==120== 
==120== For lists of detected and suppressed errors, rerun with: -s
==120== ERROR SUMMARY: 0 errors from 0 contexts (suppressed: 0 from 0)
<end of output>
Test time =   0.69 sec
----------------------------------------------------------
Test Passed.
"Pivot.Nominal" end time: Feb 17 16:48 PST
"Pivot.Nominal" time elapsed: 00:00:00
----------------------------------------------------------

12/50 Testing: Pivot.SameValues
12/50 Test: Pivot.SameValues
Command: "/usr/bin/valgrind" "--tool=memcheck" "--leak-check=yes" "--trace-children=no" "--error-exitcode=113" "/work/hw3/hw3/hw3_tests/llrec_tests/llrec_tests" "--gtest_filter=Pivot.SameValues"
Directory: /work/hw3/hw3/hw3_tests/llrec_tests
"Pivot.SameValues" start time: Feb 17 16:48 PST
Output:
----------------------------------------------------------
==121== Memcheck, a memory error detector
==121== Copyright (C) 2002-2017, and GNU GPL'd, by Julian Seward et al.
==121== Using Valgrind-3.15.0 and LibVEX; rerun with -h for copyright info
==121== Command: /work/hw3/hw3/hw3_tests/llrec_tests/llrec_tests --gtest_filter=Pivot.SameValues
==121== 
Running main() from /build/googletest-j5yxiC/googletest-1.10.0/googletest/src/gtest_main.cc
Note: Google Test filter = Pivot.SameValues
[==========] Running 1 test from 1 test suite.
[----------] Global test environment set-up.
[----------] 1 test from Pivot
[ RUN      ] Pivot.SameValues
[       OK ] Pivot.SameValues (12 ms)
[----------] 1 test from Pivot (16 ms total)

[----------] Global test environment tear-down
[==========] 1 test from 1 test suite ran. (30 ms total)
[  PASSED  ] 1 test.
==121== 
==121== HEAP SUMMARY:
==121==     in use at exit: 0 bytes in 0 blocks
==121==   total heap usage: 403 allocs, 403 frees, 128,256 bytes allocated
==121== 
==121== All heap blocks were freed -- no leaks are possible
==121== 
==121== For lists of detected and suppressed errors, rerun with: -s
==121== ERROR SUMMARY: 0 errors from 0 contexts (suppressed: 0 from 0)
<end of output>
Test time =   0.68 sec
----------------------------------------------------------
Test Passed.
"Pivot.SameValues" end time: Feb 17 16:48 PST
"Pivot.SameValues" time elapsed: 00:00:00
----------------------------------------------------------

13/50 Testing: Pivot.NoCopySameNodeCheck
13/50 Test: Pivot.NoCopySameNodeCheck
Command: "/usr/bin/valgrind" "--tool=memcheck" "--leak-check=yes" "--trace-children=no" "--error-exitcode=113" "/work/hw3/hw3/hw3_tests/llrec_tests/llrec_tests" "--gtest_filter=Pivot.NoCopySameNodeCheck"
Directory: /work/hw3/hw3/hw3_tests/llrec_tests
"Pivot.NoCopySameNodeCheck" start time: Feb 17 16:48 PST
Output:
----------------------------------------------------------
==122== Memcheck, a memory error detector
==122== Copyright (C) 2002-2017, and GNU GPL'd, by Julian Seward et al.
==122== Using Valgrind-3.15.0 and LibVEX; rerun with -h for copyright info
==122== Command: /work/hw3/hw3/hw3_tests/llrec_tests/llrec_tests --gtest_filter=Pivot.NoCopySameNodeCheck
==122== 
Running main() from /build/googletest-j5yxiC/googletest-1.10.0/googletest/src/gtest_main.cc
Note: Google Test filter = Pivot.NoCopySameNodeCheck
[==========] Running 1 test from 1 test suite.
[----------] Global test environment set-up.
[----------] 1 test from Pivot
[ RUN      ] Pivot.NoCopySameNodeCheck
[       OK ] Pivot.NoCopySameNodeCheck (19 ms)
[----------] 1 test from Pivot (23 ms total)

[----------] Global test environment tear-down
[==========] 1 test from 1 test suite ran. (37 ms total)
[  PASSED  ] 1 test.
==122== 
==122== HEAP SUMMARY:
==122==     in use at exit: 0 bytes in 0 blocks
==122==   total heap usage: 407 allocs, 407 frees, 128,375 bytes allocated
==122== 
==122== All heap blocks were freed -- no leaks are possible
==122== 
==122== For lists of detected and suppressed errors, rerun with: -s
==122== ERROR SUMMARY: 0 errors from 0 contexts (suppressed: 0 from 0)
<end of output>
Test time =   0.75 sec
----------------------------------------------------------
Test Passed.
"Pivot.NoCopySameNodeCheck" end time: Feb 17 16:48 PST
"Pivot.NoCopySameNodeCheck" time elapsed: 00:00:00
----------------------------------------------------------

14/50 Testing: Filter.EmptyList
14/50 Test: Filter.EmptyList
Command: "/usr/bin/valgrind" "--tool=memcheck" "--leak-check=yes" "--trace-children=no" "--error-exitcode=113" "/work/hw3/hw3/hw3_tests/llrec_tests/llrec_tests" "--gtest_filter=Filter.EmptyList"
Directory: /work/hw3/hw3/hw3_tests/llrec_tests
"Filter.EmptyList" start time: Feb 17 16:48 PST
Output:
----------------------------------------------------------
==123== Memcheck, a memory error detector
==123== Copyright (C) 2002-2017, and GNU GPL'd, by Julian Seward et al.
==123== Using Valgrind-3.15.0 and LibVEX; rerun with -h for copyright info
==123== Command: /work/hw3/hw3/hw3_tests/llrec_tests/llrec_tests --gtest_filter=Filter.EmptyList
==123== 
Running main() from /build/googletest-j5yxiC/googletest-1.10.0/googletest/src/gtest_main.cc
Note: Google Test filter = Filter.EmptyList
[==========] Running 1 test from 1 test suite.
[----------] Global test environment set-up.
[----------] 1 test from Filter
[ RUN      ] Filter.EmptyList
[       OK ] Filter.EmptyList (7 ms)
[----------] 1 test from Filter (11 ms total)

[----------] Global test environment tear-down
[==========] 1 test from 1 test suite ran. (25 ms total)
[  PASSED  ] 1 test.
==123== 
==123== HEAP SUMMARY:
==123==     in use at exit: 0 bytes in 0 blocks
==123==   total heap usage: 397 allocs, 397 frees, 128,160 bytes allocated
==123== 
==123== All heap blocks were freed -- no leaks are possible
==123== 
==123== For lists of detected and suppressed errors, rerun with: -s
==123== ERROR SUMMARY: 0 errors from 0 contexts (suppressed: 0 from 0)
<end of output>
Test time =   0.77 sec
----------------------------------------------------------
Test Passed.
"Filter.EmptyList" end time: Feb 17 16:48 PST
"Filter.EmptyList" time elapsed: 00:00:00
----------------------------------------------------------

15/50 Testing: Filter.Size1_F
15/50 Test: Filter.Size1_F
Command: "/usr/bin/valgrind" "--tool=memcheck" "--leak-check=yes" "--trace-children=no" "--error-exitcode=113" "/work/hw3/hw3/hw3_tests/llrec_tests/llrec_tests" "--gtest_filter=Filter.Size1_F"
Directory: /work/hw3/hw3/hw3_tests/llrec_tests
"Filter.Size1_F" start time: Feb 17 16:48 PST
Output:
----------------------------------------------------------
==124== Memcheck, a memory error detector
==124== Copyright (C) 2002-2017, and GNU GPL'd, by Julian Seward et al.
==124== Using Valgrind-3.15.0 and LibVEX; rerun with -h for copyright info
==124== Command: /work/hw3/hw3/hw3_tests/llrec_tests/llrec_tests --gtest_filter=Filter.Size1_F
==124== 
Running main() from /build/googletest-j5yxiC/googletest-1.10.0/googletest/src/gtest_main.cc
Note: Google Test filter = Filter.Size1_F
[==========] Running 1 test from 1 test suite.
[----------] Global test environment set-up.
[----------] 1 test from Filter
[ RUN      ] Filter.Size1_F
[       OK ] Filter.Size1_F (12 ms)
[----------] 1 test from Filter (16 ms total)

[----------] Global test environment tear-down
[==========] 1 test from 1 test suite ran. (30 ms total)
[  PASSED  ] 1 test.
==124== 
==124== HEAP SUMMARY:
==124==     in use at exit: 0 bytes in 0 blocks
==124==   total heap usage: 375 allocs, 375 frees, 127,397 bytes allocated
==124== 
==124== All heap blocks were freed -- no leaks are possible
==124== 
==124== For lists of detected and suppressed errors, rerun with: -s
==124== ERROR SUMMARY: 0 errors from 0 contexts (suppressed: 0 from 0)
<end of output>
Test time =   0.71 sec
----------------------------------------------------------
Test Passed.
"Filter.Size1_F" end time: Feb 17 16:48 PST
"Filter.Size1_F" time elapsed: 00:00:00
----------------------------------------------------------

16/50 Testing: Filter.Size1_nF
16/50 Test: Filter.Size1_nF
Command: "/usr/bin/valgrind" "--tool=memcheck" "--leak-check=yes" "--trace-children=no" "--error-exitcode=113" "/work/hw3/hw3/hw3_tests/llrec_tests/llrec_tests" "--gtest_filter=Filter.Size1_nF"
Directory: /work/hw3/hw3/hw3_tests/llrec_tests
"Filter.Size1_nF" start time: Feb 17 16:48 PST
Output:
----------------------------------------------------------
==125== Memcheck, a memory error detector
==125== Copyright (C) 2002-2017, and GNU GPL'd, by Julian Seward et al.
==125== Using Valgrind-3.15.0 and LibVEX; rerun with -h for copyright info
==125== Command: /work/hw3/hw3/hw3_tests/llrec_tests/llrec_tests --gtest_filter=Filter.Size1_nF
==125== 
Running main() from /build/googletest-j5yxiC/googletest-1.10.0/googletest/src/gtest_main.cc
Note: Google Test filter = Filter.Size1_nF
[==========] Running 1 test from 1 test suite.
[----------] Global test environment set-up.
[----------] 1 test from Filter
[ RUN      ] Filter.Size1_nF
[       OK ] Filter.Size1_nF (11 ms)
[----------] 1 test from Filter (15 ms total)

[----------] Global test environment tear-down
[==========] 1 test from 1 test suite ran. (29 ms total)
[  PASSED  ] 1 test.
==125== 
==125== HEAP SUMMARY:
==125==     in use at exit: 0 bytes in 0 blocks
==125==   total heap usage: 376 allocs, 376 frees, 127,406 bytes allocated
==125== 
==125== All heap blocks were freed -- no leaks are possible
==125== 
==125== For lists of detected and suppressed errors, rerun with: -s
==125== ERROR SUMMARY: 0 errors from 0 contexts (suppressed: 0 from 0)
<end of output>
Test time =   0.67 sec
----------------------------------------------------------
Test Passed.
"Filter.Size1_nF" end time: Feb 17 16:49 PST
"Filter.Size1_nF" time elapsed: 00:00:00
----------------------------------------------------------

17/50 Testing: Filter.Size2_F_nF
17/50 Test: Filter.Size2_F_nF
Command: "/usr/bin/valgrind" "--tool=memcheck" "--leak-check=yes" "--trace-children=no" "--error-exitcode=113" "/work/hw3/hw3/hw3_tests/llrec_tests/llrec_tests" "--gtest_filter=Filter.Size2_F_nF"
Directory: /work/hw3/hw3/hw3_tests/llrec_tests
"Filter.Size2_F_nF" start time: Feb 17 16:49 PST
Output:
----------------------------------------------------------
==126== Memcheck, a memory error detector
==126== Copyright (C) 2002-2017, and GNU GPL'd, by Julian Seward et al.
==126== Using Valgrind-3.15.0 and LibVEX; rerun with -h for copyright info
==126== Command: /work/hw3/hw3/hw3_tests/llrec_tests/llrec_tests --gtest_filter=Filter.Size2_F_nF
==126== 
Running main() from /build/googletest-j5yxiC/googletest-1.10.0/googletest/src/gtest_main.cc
Note: Google Test filter = Filter.Size2_F_nF
[==========] Running 1 test from 1 test suite.
[----------] Global test environment set-up.
[----------] 1 test from Filter
[ RUN      ] Filter.Size2_F_nF
[       OK ] Filter.Size2_F_nF (12 ms)
[----------] 1 test from Filter (16 ms total)

[----------] Global test environment tear-down
[==========] 1 test from 1 test suite ran. (30 ms total)
[  PASSED  ] 1 test.
==126== 
==126== HEAP SUMMARY:
==126==     in use at exit: 0 bytes in 0 blocks
==126==   total heap usage: 402 allocs, 402 frees, 128,219 bytes allocated
==126== 
==126== All heap blocks were freed -- no leaks are possible
==126== 
==126== For lists of detected and suppressed errors, rerun with: -s
==126== ERROR SUMMARY: 0 errors from 0 contexts (suppressed: 0 from 0)
<end of output>
Test time =   0.67 sec
----------------------------------------------------------
Test Passed.
"Filter.Size2_F_nF" end time: Feb 17 16:49 PST
"Filter.Size2_F_nF" time elapsed: 00:00:00
----------------------------------------------------------

18/50 Testing: Filter.Size2_nF_F
18/50 Test: Filter.Size2_nF_F
Command: "/usr/bin/valgrind" "--tool=memcheck" "--leak-check=yes" "--trace-children=no" "--error-exitcode=113" "/work/hw3/hw3/hw3_tests/llrec_tests/llrec_tests" "--gtest_filter=Filter.Size2_nF_F"
Directory: /work/hw3/hw3/hw3_tests/llrec_tests
"Filter.Size2_nF_F" start time: Feb 17 16:49 PST
Output:
----------------------------------------------------------
==127== Memcheck, a memory error detector
==127== Copyright (C) 2002-2017, and GNU GPL'd, by Julian Seward et al.
==127== Using Valgrind-3.15.0 and LibVEX; rerun with -h for copyright info
==127== Command: /work/hw3/hw3/hw3_tests/llrec_tests/llrec_tests --gtest_filter=Filter.Size2_nF_F
==127== 
Running main() from /build/googletest-j5yxiC/googletest-1.10.0/googletest/src/gtest_main.cc
Note: Google Test filter = Filter.Size2_nF_F
[==========] Running 1 test from 1 test suite.
[----------] Global test environment set-up.
[----------] 1 test from Filter
[ RUN      ] Filter.Size2_nF_F
[       OK ] Filter.Size2_nF_F (12 ms)
[----------] 1 test from Filter (16 ms total)

[----------] Global test environment tear-down
[==========] 1 test from 1 test suite ran. (30 ms total)
[  PASSED  ] 1 test.
==127== 
==127== HEAP SUMMARY:
==127==     in use at exit: 0 bytes in 0 blocks
==127==   total heap usage: 401 allocs, 401 frees, 128,211 bytes allocated
==127== 
==127== All heap blocks were freed -- no leaks are possible
==127== 
==127== For lists of detected and suppressed errors, rerun with: -s
==127== ERROR SUMMARY: 0 errors from 0 contexts (suppressed: 0 from 0)
<end of output>
Test time =   0.67 sec
----------------------------------------------------------
Test Passed.
"Filter.Size2_nF_F" end time: Feb 17 16:49 PST
"Filter.Size2_nF_F" time elapsed: 00:00:00
----------------------------------------------------------

19/50 Testing: Filter.Size3_nF_F_nF
19/50 Test: Filter.Size3_nF_F_nF
Command: "/usr/bin/valgrind" "--tool=memcheck" "--leak-check=yes" "--trace-children=no" "--error-exitcode=113" "/work/hw3/hw3/hw3_tests/llrec_tests/llrec_tests" "--gtest_filter=Filter.Size3_nF_F_nF"
Directory: /work/hw3/hw3/hw3_tests/llrec_tests
"Filter.Size3_nF_F_nF" start time: Feb 17 16:49 PST
Output:
----------------------------------------------------------
==128== Memcheck, a memory error detector
==128== Copyright (C) 2002-2017, and GNU GPL'd, by Julian Seward et al.
==128== Using Valgrind-3.15.0 and LibVEX; rerun with -h for copyright info
==128== Command: /work/hw3/hw3/hw3_tests/llrec_tests/llrec_tests --gtest_filter=Filter.Size3_nF_F_nF
==128== 
Running main() from /build/googletest-j5yxiC/googletest-1.10.0/googletest/src/gtest_main.cc
Note: Google Test filter = Filter.Size3_nF_F_nF
[==========] Running 1 test from 1 test suite.
[----------] Global test environment set-up.
[----------] 1 test from Filter
[ RUN      ] Filter.Size3_nF_F_nF
[       OK ] Filter.Size3_nF_F_nF (12 ms)
[----------] 1 test from Filter (16 ms total)

[----------] Global test environment tear-down
[==========] 1 test from 1 test suite ran. (30 ms total)
[  PASSED  ] 1 test.
==128== 
==128== HEAP SUMMARY:
==128==     in use at exit: 0 bytes in 0 blocks
==128==   total heap usage: 402 allocs, 402 frees, 128,256 bytes allocated
==128== 
==128== All heap blocks were freed -- no leaks are possible
==128== 
==128== For lists of detected and suppressed errors, rerun with: -s
==128== ERROR SUMMARY: 0 errors from 0 contexts (suppressed: 0 from 0)
<end of output>
Test time =   0.66 sec
----------------------------------------------------------
Test Passed.
"Filter.Size3_nF_F_nF" end time: Feb 17 16:49 PST
"Filter.Size3_nF_F_nF" time elapsed: 00:00:00
----------------------------------------------------------

20/50 Testing: Filter.Size3_F_nF_F
20/50 Test: Filter.Size3_F_nF_F
Command: "/usr/bin/valgrind" "--tool=memcheck" "--leak-check=yes" "--trace-children=no" "--error-exitcode=113" "/work/hw3/hw3/hw3_tests/llrec_tests/llrec_tests" "--gtest_filter=Filter.Size3_F_nF_F"
Directory: /work/hw3/hw3/hw3_tests/llrec_tests
"Filter.Size3_F_nF_F" start time: Feb 17 16:49 PST
Output:
----------------------------------------------------------
==129== Memcheck, a memory error detector
==129== Copyright (C) 2002-2017, and GNU GPL'd, by Julian Seward et al.
==129== Using Valgrind-3.15.0 and LibVEX; rerun with -h for copyright info
==129== Command: /work/hw3/hw3/hw3_tests/llrec_tests/llrec_tests --gtest_filter=Filter.Size3_F_nF_F
==129== 
Running main() from /build/googletest-j5yxiC/googletest-1.10.0/googletest/src/gtest_main.cc
Note: Google Test filter = Filter.Size3_F_nF_F
[==========] Running 1 test from 1 test suite.
[----------] Global test environment set-up.
[----------] 1 test from Filter
[ RUN      ] Filter.Size3_F_nF_F
[       OK ] Filter.Size3_F_nF_F (15 ms)
[----------] 1 test from Filter (18 ms total)

[----------] Global test environment tear-down
[==========] 1 test from 1 test suite ran. (32 ms total)
[  PASSED  ] 1 test.
==129== 
==129== HEAP SUMMARY:
==129==     in use at exit: 0 bytes in 0 blocks
==129==   total heap usage: 402 allocs, 402 frees, 128,245 bytes allocated
==129== 
==129== All heap blocks were freed -- no leaks are possible
==129== 
==129== For lists of detected and suppressed errors, rerun with: -s
==129== ERROR SUMMARY: 0 errors from 0 contexts (suppressed: 0 from 0)
<end of output>
Test time =   0.72 sec
----------------------------------------------------------
Test Passed.
"Filter.Size3_F_nF_F" end time: Feb 17 16:49 PST
"Filter.Size3_F_nF_F" time elapsed: 00:00:00
----------------------------------------------------------

21/50 Testing: Filter.SameNodeCheck
21/50 Test: Filter.SameNodeCheck
Command: "/usr/bin/valgrind" "--tool=memcheck" "--leak-check=yes" "--trace-children=no" "--error-exitcode=113" "/work/hw3/hw3/hw3_tests/llrec_tests/llrec_tests" "--gtest_filter=Filter.SameNodeCheck"
Directory: /work/hw3/hw3/hw3_tests/llrec_tests
"Filter.SameNodeCheck" start time: Feb 17 16:49 PST
Output:
----------------------------------------------------------
==130== Memcheck, a memory error detector
==130== Copyright (C) 2002-2017, and GNU GPL'd, by Julian Seward et al.
==130== Using Valgrind-3.15.0 and LibVEX; rerun with -h for copyright info
==130== Command: /work/hw3/hw3/hw3_tests/llrec_tests/llrec_tests --gtest_filter=Filter.SameNodeCheck
==130== 
Running main() from /build/googletest-j5yxiC/googletest-1.10.0/googletest/src/gtest_main.cc
Note: Google Test filter = Filter.SameNodeCheck
[==========] Running 1 test from 1 test suite.
[----------] Global test environment set-up.
[----------] 1 test from Filter
[ RUN      ] Filter.SameNodeCheck
[       OK ] Filter.SameNodeCheck (19 ms)
[----------] 1 test from Filter (23 ms total)

[----------] Global test environment tear-down
[==========] 1 test from 1 test suite ran. (37 ms total)
[  PASSED  ] 1 test.
==130== 
==130== HEAP SUMMARY:
==130==     in use at exit: 0 bytes in 0 blocks
==130==   total heap usage: 407 allocs, 407 frees, 128,352 bytes allocated
==130== 
==130== All heap blocks were freed -- no leaks are possible
==130== 
==130== For lists of detected and suppressed errors, rerun with: -s
==130== ERROR SUMMARY: 0 errors from 0 contexts (suppressed: 0 from 0)
<end of output>
Test time =   0.67 sec
----------------------------------------------------------
Test Passed.
"Filter.SameNodeCheck" end time: Feb 17 16:49 PST
"Filter.SameNodeCheck" time elapsed: 00:00:00
----------------------------------------------------------

22/50 Testing: Filter.MultipleCalls
22/50 Test: Filter.MultipleCalls
Command: "/usr/bin/valgrind" "--tool=memcheck" "--leak-check=yes" "--trace-children=no" "--error-exitcode=113" "/work/hw3/hw3/hw3_tests/llrec_tests/llrec_tests" "--gtest_filter=Filter.MultipleCalls"
Directory: /work/hw3/hw3/hw3_tests/llrec_tests
"Filter.MultipleCalls" start time: Feb 17 16:49 PST
Output:
----------------------------------------------------------
==131== Memcheck, a memory error detector
==131== Copyright (C) 2002-2017, and GNU GPL'd, by Julian Seward et al.
==131== Using Valgrind-3.15.0 and LibVEX; rerun with -h for copyright info
==131== Command: /work/hw3/hw3/hw3_tests/llrec_tests/llrec_tests --gtest_filter=Filter.MultipleCalls
==131== 
Running main() from /build/googletest-j5yxiC/googletest-1.10.0/googletest/src/gtest_main.cc
Note: Google Test filter = Filter.MultipleCalls
[==========] Running 1 test from 1 test suite.
[----------] Global test environment set-up.
[----------] 1 test from Filter
[ RUN      ] Filter.MultipleCalls
[       OK ] Filter.MultipleCalls (13 ms)
[----------] 1 test from Filter (17 ms total)

[----------] Global test environment tear-down
[==========] 1 test from 1 test suite ran. (31 ms total)
[  PASSED  ] 1 test.
==131== 
==131== HEAP SUMMARY:
==131==     in use at exit: 0 bytes in 0 blocks
==131==   total heap usage: 407 allocs, 407 frees, 128,352 bytes allocated
==131== 
==131== All heap blocks were freed -- no leaks are possible
==131== 
==131== For lists of detected and suppressed errors, rerun with: -s
==131== ERROR SUMMARY: 0 errors from 0 contexts (suppressed: 0 from 0)
<end of output>
Test time =   0.69 sec
----------------------------------------------------------
Test Passed.
"Filter.MultipleCalls" end time: Feb 17 16:49 PST
"Filter.MultipleCalls" time elapsed: 00:00:00
----------------------------------------------------------

23/50 Testing: Filter.CompareWithLlrec
23/50 Test: Filter.CompareWithLlrec
Command: "/usr/bin/valgrind" "--tool=memcheck" "--leak-check=yes" "--trace-children=no" "--error-exitcode=113" "/work/hw3/hw3/hw3_tests/llrec_tests/llrec_tests" "--gtest_filter=Filter.CompareWithLlrec"
Directory: /work/hw3/hw3/hw3_tests/llrec_tests
"Filter.CompareWithLlrec" start time: Feb 17 16:49 PST
Output:
----------------------------------------------------------
==132== Memcheck, a memory error detector
==132== Copyright (C) 2002-2017, and GNU GPL'd, by Julian Seward et al.
==132== Using Valgrind-3.15.0 and LibVEX; rerun with -h for copyright info
==132== Command: /work/hw3/hw3/hw3_tests/llrec_tests/llrec_tests --gtest_filter=Filter.CompareWithLlrec
==132== 
Running main() from /build/googletest-j5yxiC/googletest-1.10.0/googletest/src/gtest_main.cc
Note: Google Test filter = Filter.CompareWithLlrec
[==========] Running 1 test from 1 test suite.
[----------] Global test environment set-up.
[----------] 1 test from Filter
[ RUN      ] Filter.CompareWithLlrec
[       OK ] Filter.CompareWithLlrec (21 ms)
[----------] 1 test from Filter (25 ms total)

[----------] Global test environment tear-down
[==========] 1 test from 1 test suite ran. (39 ms total)
[  PASSED  ] 1 test.
==132== 
==132== HEAP SUMMARY:
==132==     in use at exit: 0 bytes in 0 blocks
==132==   total heap usage: 417 allocs, 417 frees, 128,497 bytes allocated
==132== 
==132== All heap blocks were freed -- no leaks are possible
==132== 
==132== For lists of detected and suppressed errors, rerun with: -s
==132== ERROR SUMMARY: 0 errors from 0 contexts (suppressed: 0 from 0)
<end of output>
Test time =   0.68 sec
----------------------------------------------------------
Test Passed.
"Filter.CompareWithLlrec" end time: Feb 17 16:49 PST
"Filter.CompareWithLlrec" time elapsed: 00:00:00
----------------------------------------------------------

24/50 Testing: Stack.BasicString
24/50 Test: Stack.BasicString
Command: "/usr/bin/valgrind" "--tool=memcheck" "--leak-check=yes" "--trace-children=no" "--error-exitcode=113" "/work/hw3/hw3/hw3_tests/stack_tests/stack_tests" "--gtest_filter=Stack.BasicString"
Directory: /work/hw3/hw3/hw3_tests/stack_tests
"Stack.BasicString" start time: Feb 17 16:49 PST
Output:
----------------------------------------------------------
==133== Memcheck, a memory error detector
==133== Copyright (C) 2002-2017, and GNU GPL'd, by Julian Seward et al.
==133== Using Valgrind-3.15.0 and LibVEX; rerun with -h for copyright info
==133== Command: /work/hw3/hw3/hw3_tests/stack_tests/stack_tests --gtest_filter=Stack.BasicString
==133== 
Running main() from /build/googletest-j5yxiC/googletest-1.10.0/googletest/src/gtest_main.cc
Note: Google Test filter = Stack.BasicString
[==========] Running 1 test from 1 test suite.
[----------] Global test environment set-up.
[----------] 1 test from Stack
[ RUN      ] Stack.BasicString
[       OK ] Stack.BasicString (49 ms)
[----------] 1 test from Stack (53 ms total)

[----------] Global test environment tear-down
[==========] 1 test from 1 test suite ran. (67 ms total)
[  PASSED  ] 1 test.
==133== 
==133== HEAP SUMMARY:
==133==     in use at exit: 0 bytes in 0 blocks
==133==   total heap usage: 200 allocs, 200 frees, 116,038 bytes allocated
==133== 
==133== All heap blocks were freed -- no leaks are possible
==133== 
==133== For lists of detected and suppressed errors, rerun with: -s
==133== ERROR SUMMARY: 0 errors from 0 contexts (suppressed: 0 from 0)
<end of output>
Test time =   0.70 sec
----------------------------------------------------------
Test Passed.
"Stack.BasicString" end time: Feb 17 16:49 PST
"Stack.BasicString" time elapsed: 00:00:00
----------------------------------------------------------

25/50 Testing: Stack.RandomInt
25/50 Test: Stack.RandomInt
Command: "/usr/bin/valgrind" "--tool=memcheck" "--leak-check=yes" "--trace-children=no" "--error-exitcode=113" "/work/hw3/hw3/hw3_tests/stack_tests/stack_tests" "--gtest_filter=Stack.RandomInt"
Directory: /work/hw3/hw3/hw3_tests/stack_tests
"Stack.RandomInt" start time: Feb 17 16:49 PST
Output:
----------------------------------------------------------
==134== Memcheck, a memory error detector
==134== Copyright (C) 2002-2017, and GNU GPL'd, by Julian Seward et al.
==134== Using Valgrind-3.15.0 and LibVEX; rerun with -h for copyright info
==134== Command: /work/hw3/hw3/hw3_tests/stack_tests/stack_tests --gtest_filter=Stack.RandomInt
==134== 
Running main() from /build/googletest-j5yxiC/googletest-1.10.0/googletest/src/gtest_main.cc
Note: Google Test filter = Stack.RandomInt
[==========] Running 1 test from 1 test suite.
[----------] Global test environment set-up.
[----------] 1 test from Stack
[ RUN      ] Stack.RandomInt
[       OK ] Stack.RandomInt (1086 ms)
[----------] 1 test from Stack (1090 ms total)

[----------] Global test environment tear-down
[==========] 1 test from 1 test suite ran. (1105 ms total)
[  PASSED  ] 1 test.
==134== 
==134== HEAP SUMMARY:
==134==     in use at exit: 0 bytes in 0 blocks
==134==   total heap usage: 21,234 allocs, 21,234 frees, 1,076,900 bytes allocated
==134== 
==134== All heap blocks were freed -- no leaks are possible
==134== 
==134== For lists of detected and suppressed errors, rerun with: -s
==134== ERROR SUMMARY: 0 errors from 0 contexts (suppressed: 0 from 0)
<end of output>
Test time =   1.75 sec
----------------------------------------------------------
Test Passed.
"Stack.RandomInt" end time: Feb 17 16:49 PST
"Stack.RandomInt" time elapsed: 00:00:01
----------------------------------------------------------

26/50 Testing: HeapTest.ConstructionDestruction
26/50 Test: HeapTest.ConstructionDestruction
Command: "/usr/bin/valgrind" "--tool=memcheck" "--leak-check=yes" "--trace-children=no" "--error-exitcode=113" "/work/hw3/hw3/hw3_tests/heap_tests/heap_tests" "--gtest_filter=HeapTest.ConstructionDestruction"
Directory: /work/hw3/hw3/hw3_tests/heap_tests
"HeapTest.ConstructionDestruction" start time: Feb 17 16:49 PST
Output:
----------------------------------------------------------
==135== Memcheck, a memory error detector
==135== Copyright (C) 2002-2017, and GNU GPL'd, by Julian Seward et al.
==135== Using Valgrind-3.15.0 and LibVEX; rerun with -h for copyright info
==135== Command: /work/hw3/hw3/hw3_tests/heap_tests/heap_tests --gtest_filter=HeapTest.ConstructionDestruction
==135== 
Running main() from /build/googletest-j5yxiC/googletest-1.10.0/googletest/src/gtest_main.cc
Note: Google Test filter = HeapTest.ConstructionDestruction
[==========] Running 1 test from 1 test suite.
[----------] Global test environment set-up.
[----------] 1 test from HeapTest
[ RUN      ] HeapTest.ConstructionDestruction
[       OK ] HeapTest.ConstructionDestruction (5 ms)
[----------] 1 test from HeapTest (9 ms total)

[----------] Global test environment tear-down
[==========] 1 test from 1 test suite ran. (23 ms total)
[  PASSED  ] 1 test.
==135== 
==135== HEAP SUMMARY:
==135==     in use at exit: 0 bytes in 0 blocks
==135==   total heap usage: 457 allocs, 457 frees, 130,664 bytes allocated
==135== 
==135== All heap blocks were freed -- no leaks are possible
==135== 
==135== For lists of detected and suppressed errors, rerun with: -s
==135== ERROR SUMMARY: 0 errors from 0 contexts (suppressed: 0 from 0)
<end of output>
Test time =   0.73 sec
----------------------------------------------------------
Test Passed.
"HeapTest.ConstructionDestruction" end time: Feb 17 16:49 PST
"HeapTest.ConstructionDestruction" time elapsed: 00:00:00
----------------------------------------------------------

27/50 Testing: HeapTest.InitiallyEmpty
27/50 Test: HeapTest.InitiallyEmpty
Command: "/usr/bin/valgrind" "--tool=memcheck" "--leak-check=yes" "--trace-children=no" "--error-exitcode=113" "/work/hw3/hw3/hw3_tests/heap_tests/heap_tests" "--gtest_filter=HeapTest.InitiallyEmpty"
Directory: /work/hw3/hw3/hw3_tests/heap_tests
"HeapTest.InitiallyEmpty" start time: Feb 17 16:49 PST
Output:
----------------------------------------------------------
==136== Memcheck, a memory error detector
==136== Copyright (C) 2002-2017, and GNU GPL'd, by Julian Seward et al.
==136== Using Valgrind-3.15.0 and LibVEX; rerun with -h for copyright info
==136== Command: /work/hw3/hw3/hw3_tests/heap_tests/heap_tests --gtest_filter=HeapTest.InitiallyEmpty
==136== 
Running main() from /build/googletest-j5yxiC/googletest-1.10.0/googletest/src/gtest_main.cc
Note: Google Test filter = HeapTest.InitiallyEmpty
[==========] Running 1 test from 1 test suite.
[----------] Global test environment set-up.
[----------] 1 test from HeapTest
[ RUN      ] HeapTest.InitiallyEmpty
[       OK ] HeapTest.InitiallyEmpty (6 ms)
[----------] 1 test from HeapTest (10 ms total)

[----------] Global test environment tear-down
[==========] 1 test from 1 test suite ran. (24 ms total)
[  PASSED  ] 1 test.
==136== 
==136== HEAP SUMMARY:
==136==     in use at exit: 0 bytes in 0 blocks
==136==   total heap usage: 457 allocs, 457 frees, 130,547 bytes allocated
==136== 
==136== All heap blocks were freed -- no leaks are possible
==136== 
==136== For lists of detected and suppressed errors, rerun with: -s
==136== ERROR SUMMARY: 0 errors from 0 contexts (suppressed: 0 from 0)
<end of output>
Test time =   0.73 sec
----------------------------------------------------------
Test Passed.
"HeapTest.InitiallyEmpty" end time: Feb 17 16:49 PST
"HeapTest.InitiallyEmpty" time elapsed: 00:00:00
----------------------------------------------------------

28/50 Testing: HeapTest.EmptyTopException
28/50 Test: HeapTest.EmptyTopException
Command: "/usr/bin/valgrind" "--tool=memcheck" "--leak-check=yes" "--trace-children=no" "--error-exitcode=113" "/work/hw3/hw3/hw3_tests/heap_tests/heap_tests" "--gtest_filter=HeapTest.EmptyTopException"
Directory: /work/hw3/hw3/hw3_tests/heap_tests
"HeapTest.EmptyTopException" start time: Feb 17 16:49 PST
Output:
----------------------------------------------------------
==137== Memcheck, a memory error detector
==137== Copyright (C) 2002-2017, and GNU GPL'd, by Julian Seward et al.
==137== Using Valgrind-3.15.0 and LibVEX; rerun with -h for copyright info
==137== Command: /work/hw3/hw3/hw3_tests/heap_tests/heap_tests --gtest_filter=HeapTest.EmptyTopException
==137== 
Running main() from /build/googletest-j5yxiC/googletest-1.10.0/googletest/src/gtest_main.cc
Note: Google Test filter = HeapTest.EmptyTopException
[==========] Running 1 test from 1 test suite.
[----------] Global test environment set-up.
[----------] 1 test from HeapTest
[ RUN      ] HeapTest.EmptyTopException
[       OK ] HeapTest.EmptyTopException (30 ms)
[----------] 1 test from HeapTest (34 ms total)

[----------] Global test environment tear-down
[==========] 1 test from 1 test suite ran. (48 ms total)
[  PASSED  ] 1 test.
==137== 
==137== HEAP SUMMARY:
==137==     in use at exit: 0 bytes in 0 blocks
==137==   total heap usage: 459 allocs, 459 frees, 130,747 bytes allocated
==137== 
==137== All heap blocks were freed -- no leaks are possible
==137== 
==137== For lists of detected and suppressed errors, rerun with: -s
==137== ERROR SUMMARY: 0 errors from 0 contexts (suppressed: 0 from 0)
<end of output>
Test time =   0.76 sec
----------------------------------------------------------
Test Passed.
"HeapTest.EmptyTopException" end time: Feb 17 16:49 PST
"HeapTest.EmptyTopException" time elapsed: 00:00:00
----------------------------------------------------------

29/50 Testing: HeapTest.EmptyPopException
29/50 Test: HeapTest.EmptyPopException
Command: "/usr/bin/valgrind" "--tool=memcheck" "--leak-check=yes" "--trace-children=no" "--error-exitcode=113" "/work/hw3/hw3/hw3_tests/heap_tests/heap_tests" "--gtest_filter=HeapTest.EmptyPopException"
Directory: /work/hw3/hw3/hw3_tests/heap_tests
"HeapTest.EmptyPopException" start time: Feb 17 16:49 PST
Output:
----------------------------------------------------------
==138== Memcheck, a memory error detector
==138== Copyright (C) 2002-2017, and GNU GPL'd, by Julian Seward et al.
==138== Using Valgrind-3.15.0 and LibVEX; rerun with -h for copyright info
==138== Command: /work/hw3/hw3/hw3_tests/heap_tests/heap_tests --gtest_filter=HeapTest.EmptyPopException
==138== 
Running main() from /build/googletest-j5yxiC/googletest-1.10.0/googletest/src/gtest_main.cc
Note: Google Test filter = HeapTest.EmptyPopException
[==========] Running 1 test from 1 test suite.
[----------] Global test environment set-up.
[----------] 1 test from HeapTest
[ RUN      ] HeapTest.EmptyPopException
[       OK ] HeapTest.EmptyPopException (29 ms)
[----------] 1 test from HeapTest (33 ms total)

[----------] Global test environment tear-down
[==========] 1 test from 1 test suite ran. (49 ms total)
[  PASSED  ] 1 test.
==138== 
==138== HEAP SUMMARY:
==138==     in use at exit: 0 bytes in 0 blocks
==138==   total heap usage: 459 allocs, 459 frees, 130,747 bytes allocated
==138== 
==138== All heap blocks were freed -- no leaks are possible
==138== 
==138== For lists of detected and suppressed errors, rerun with: -s
==138== ERROR SUMMARY: 0 errors from 0 contexts (suppressed: 0 from 0)
<end of output>
Test time =   0.74 sec
----------------------------------------------------------
Test Passed.
"HeapTest.EmptyPopException" end time: Feb 17 16:49 PST
"HeapTest.EmptyPopException" time elapsed: 00:00:00
----------------------------------------------------------

30/50 Testing: HeapTest.SingleItemNonempty
30/50 Test: HeapTest.SingleItemNonempty
Command: "/usr/bin/valgrind" "--tool=memcheck" "--leak-check=yes" "--trace-children=no" "--error-exitcode=113" "/work/hw3/hw3/hw3_tests/heap_tests/heap_tests" "--gtest_filter=HeapTest.SingleItemNonempty"
Directory: /work/hw3/hw3/hw3_tests/heap_tests
"HeapTest.SingleItemNonempty" start time: Feb 17 16:49 PST
Output:
----------------------------------------------------------
==139== Memcheck, a memory error detector
==139== Copyright (C) 2002-2017, and GNU GPL'd, by Julian Seward et al.
==139== Using Valgrind-3.15.0 and LibVEX; rerun with -h for copyright info
==139== Command: /work/hw3/hw3/hw3_tests/heap_tests/heap_tests --gtest_filter=HeapTest.SingleItemNonempty
==139== 
Running main() from /build/googletest-j5yxiC/googletest-1.10.0/googletest/src/gtest_main.cc
Note: Google Test filter = HeapTest.SingleItemNonempty
[==========] Running 1 test from 1 test suite.
[----------] Global test environment set-up.
[----------] 1 test from HeapTest
[ RUN      ] HeapTest.SingleItemNonempty
[       OK ] HeapTest.SingleItemNonempty (12 ms)
[----------] 1 test from HeapTest (16 ms total)

[----------] Global test environment tear-down
[==========] 1 test from 1 test suite ran. (30 ms total)
[  PASSED  ] 1 test.
==139== 
==139== HEAP SUMMARY:
==139==     in use at exit: 0 bytes in 0 blocks
==139==   total heap usage: 458 allocs, 458 frees, 130,579 bytes allocated
==139== 
==139== All heap blocks were freed -- no leaks are possible
==139== 
==139== For lists of detected and suppressed errors, rerun with: -s
==139== ERROR SUMMARY: 0 errors from 0 contexts (suppressed: 0 from 0)
<end of output>
Test time =   0.77 sec
----------------------------------------------------------
Test Passed.
"HeapTest.SingleItemNonempty" end time: Feb 17 16:49 PST
"HeapTest.SingleItemNonempty" time elapsed: 00:00:00
----------------------------------------------------------

31/50 Testing: HeapTest.SingleItemPush
31/50 Test: HeapTest.SingleItemPush
Command: "/usr/bin/valgrind" "--tool=memcheck" "--leak-check=yes" "--trace-children=no" "--error-exitcode=113" "/work/hw3/hw3/hw3_tests/heap_tests/heap_tests" "--gtest_filter=HeapTest.SingleItemPush"
Directory: /work/hw3/hw3/hw3_tests/heap_tests
"HeapTest.SingleItemPush" start time: Feb 17 16:49 PST
Output:
----------------------------------------------------------
==140== Memcheck, a memory error detector
==140== Copyright (C) 2002-2017, and GNU GPL'd, by Julian Seward et al.
==140== Using Valgrind-3.15.0 and LibVEX; rerun with -h for copyright info
==140== Command: /work/hw3/hw3/hw3_tests/heap_tests/heap_tests --gtest_filter=HeapTest.SingleItemPush
==140== 
Running main() from /build/googletest-j5yxiC/googletest-1.10.0/googletest/src/gtest_main.cc
Note: Google Test filter = HeapTest.SingleItemPush
[==========] Running 1 test from 1 test suite.
[----------] Global test environment set-up.
[----------] 1 test from HeapTest
[ RUN      ] HeapTest.SingleItemPush
[       OK ] HeapTest.SingleItemPush (12 ms)
[----------] 1 test from HeapTest (16 ms total)

[----------] Global test environment tear-down
[==========] 1 test from 1 test suite ran. (30 ms total)
[  PASSED  ] 1 test.
==140== 
==140== HEAP SUMMARY:
==140==     in use at exit: 0 bytes in 0 blocks
==140==   total heap usage: 458 allocs, 458 frees, 130,551 bytes allocated
==140== 
==140== All heap blocks were freed -- no leaks are possible
==140== 
==140== For lists of detected and suppressed errors, rerun with: -s
==140== ERROR SUMMARY: 0 errors from 0 contexts (suppressed: 0 from 0)
<end of output>
Test time =   0.69 sec
----------------------------------------------------------
Test Passed.
"HeapTest.SingleItemPush" end time: Feb 17 16:49 PST
"HeapTest.SingleItemPush" time elapsed: 00:00:00
----------------------------------------------------------

32/50 Testing: HeapTest.SingleItemPushPop
32/50 Test: HeapTest.SingleItemPushPop
Command: "/usr/bin/valgrind" "--tool=memcheck" "--leak-check=yes" "--trace-children=no" "--error-exitcode=113" "/work/hw3/hw3/hw3_tests/heap_tests/heap_tests" "--gtest_filter=HeapTest.SingleItemPushPop"
Directory: /work/hw3/hw3/hw3_tests/heap_tests
"HeapTest.SingleItemPushPop" start time: Feb 17 16:49 PST
Output:
----------------------------------------------------------
==141== Memcheck, a memory error detector
==141== Copyright (C) 2002-2017, and GNU GPL'd, by Julian Seward et al.
==141== Using Valgrind-3.15.0 and LibVEX; rerun with -h for copyright info
==141== Command: /work/hw3/hw3/hw3_tests/heap_tests/heap_tests --gtest_filter=HeapTest.SingleItemPushPop
==141== 
Running main() from /build/googletest-j5yxiC/googletest-1.10.0/googletest/src/gtest_main.cc
Note: Google Test filter = HeapTest.SingleItemPushPop
[==========] Running 1 test from 1 test suite.
[----------] Global test environment set-up.
[----------] 1 test from HeapTest
[ RUN      ] HeapTest.SingleItemPushPop
[       OK ] HeapTest.SingleItemPushPop (16 ms)
[----------] 1 test from HeapTest (20 ms total)

[----------] Global test environment tear-down
[==========] 1 test from 1 test suite ran. (40 ms total)
[  PASSED  ] 1 test.
==141== 
==141== HEAP SUMMARY:
==141==     in use at exit: 0 bytes in 0 blocks
==141==   total heap usage: 458 allocs, 458 frees, 130,572 bytes allocated
==141== 
==141== All heap blocks were freed -- no leaks are possible
==141== 
==141== For lists of detected and suppressed errors, rerun with: -s
==141== ERROR SUMMARY: 0 errors from 0 contexts (suppressed: 0 from 0)
<end of output>
Test time =   0.72 sec
----------------------------------------------------------
Test Passed.
"HeapTest.SingleItemPushPop" end time: Feb 17 16:49 PST
"HeapTest.SingleItemPushPop" time elapsed: 00:00:00
----------------------------------------------------------

33/50 Testing: HeapTest.TwoElementPush_LowPriFirst
33/50 Test: HeapTest.TwoElementPush_LowPriFirst
Command: "/usr/bin/valgrind" "--tool=memcheck" "--leak-check=yes" "--trace-children=no" "--error-exitcode=113" "/work/hw3/hw3/hw3_tests/heap_tests/heap_tests" "--gtest_filter=HeapTest.TwoElementPush_LowPriFirst"
Directory: /work/hw3/hw3/hw3_tests/heap_tests
"HeapTest.TwoElementPush_LowPriFirst" start time: Feb 17 16:49 PST
Output:
----------------------------------------------------------
==142== Memcheck, a memory error detector
==142== Copyright (C) 2002-2017, and GNU GPL'd, by Julian Seward et al.
==142== Using Valgrind-3.15.0 and LibVEX; rerun with -h for copyright info
==142== Command: /work/hw3/hw3/hw3_tests/heap_tests/heap_tests --gtest_filter=HeapTest.TwoElementPush_LowPriFirst
==142== 
Running main() from /build/googletest-j5yxiC/googletest-1.10.0/googletest/src/gtest_main.cc
Note: Google Test filter = HeapTest.TwoElementPush_LowPriFirst
[==========] Running 1 test from 1 test suite.
[----------] Global test environment set-up.
[----------] 1 test from HeapTest
[ RUN      ] HeapTest.TwoElementPush_LowPriFirst
[       OK ] HeapTest.TwoElementPush_LowPriFirst (14 ms)
[----------] 1 test from HeapTest (18 ms total)

[----------] Global test environment tear-down
[==========] 1 test from 1 test suite ran. (32 ms total)
[  PASSED  ] 1 test.
==142== 
==142== HEAP SUMMARY:
==142==     in use at exit: 0 bytes in 0 blocks
==142==   total heap usage: 459 allocs, 459 frees, 130,778 bytes allocated
==142== 
==142== All heap blocks were freed -- no leaks are possible
==142== 
==142== For lists of detected and suppressed errors, rerun with: -s
==142== ERROR SUMMARY: 0 errors from 0 contexts (suppressed: 0 from 0)
<end of output>
Test time =   0.69 sec
----------------------------------------------------------
Test Passed.
"HeapTest.TwoElementPush_LowPriFirst" end time: Feb 17 16:49 PST
"HeapTest.TwoElementPush_LowPriFirst" time elapsed: 00:00:00
----------------------------------------------------------

34/50 Testing: HeapTest.TwoElementPush_HighPriFirst
34/50 Test: HeapTest.TwoElementPush_HighPriFirst
Command: "/usr/bin/valgrind" "--tool=memcheck" "--leak-check=yes" "--trace-children=no" "--error-exitcode=113" "/work/hw3/hw3/hw3_tests/heap_tests/heap_tests" "--gtest_filter=HeapTest.TwoElementPush_HighPriFirst"
Directory: /work/hw3/hw3/hw3_tests/heap_tests
"HeapTest.TwoElementPush_HighPriFirst" start time: Feb 17 16:49 PST
Output:
----------------------------------------------------------
==143== Memcheck, a memory error detector
==143== Copyright (C) 2002-2017, and GNU GPL'd, by Julian Seward et al.
==143== Using Valgrind-3.15.0 and LibVEX; rerun with -h for copyright info
==143== Command: /work/hw3/hw3/hw3_tests/heap_tests/heap_tests --gtest_filter=HeapTest.TwoElementPush_HighPriFirst
==143== 
Running main() from /build/googletest-j5yxiC/googletest-1.10.0/googletest/src/gtest_main.cc
Note: Google Test filter = HeapTest.TwoElementPush_HighPriFirst
[==========] Running 1 test from 1 test suite.
[----------] Global test environment set-up.
[----------] 1 test from HeapTest
[ RUN      ] HeapTest.TwoElementPush_HighPriFirst
[       OK ] HeapTest.TwoElementPush_HighPriFirst (15 ms)
[----------] 1 test from HeapTest (19 ms total)

[----------] Global test environment tear-down
[==========] 1 test from 1 test suite ran. (33 ms total)
[  PASSED  ] 1 test.
==143== 
==143== HEAP SUMMARY:
==143==     in use at exit: 0 bytes in 0 blocks
==143==   total heap usage: 459 allocs, 459 frees, 130,812 bytes allocated
==143== 
==143== All heap blocks were freed -- no leaks are possible
==143== 
==143== For lists of detected and suppressed errors, rerun with: -s
==143== ERROR SUMMARY: 0 errors from 0 contexts (suppressed: 0 from 0)
<end of output>
Test time =   0.74 sec
----------------------------------------------------------
Test Passed.
"HeapTest.TwoElementPush_HighPriFirst" end time: Feb 17 16:49 PST
"HeapTest.TwoElementPush_HighPriFirst" time elapsed: 00:00:00
----------------------------------------------------------

35/50 Testing: HeapTest.Duplicates
35/50 Test: HeapTest.Duplicates
Command: "/usr/bin/valgrind" "--tool=memcheck" "--leak-check=yes" "--trace-children=no" "--error-exitcode=113" "/work/hw3/hw3/hw3_tests/heap_tests/heap_tests" "--gtest_filter=HeapTest.Duplicates"
Directory: /work/hw3/hw3/hw3_tests/heap_tests
"HeapTest.Duplicates" start time: Feb 17 16:49 PST
Output:
----------------------------------------------------------
==144== Memcheck, a memory error detector
==144== Copyright (C) 2002-2017, and GNU GPL'd, by Julian Seward et al.
==144== Using Valgrind-3.15.0 and LibVEX; rerun with -h for copyright info
==144== Command: /work/hw3/hw3/hw3_tests/heap_tests/heap_tests --gtest_filter=HeapTest.Duplicates
==144== 
Running main() from /build/googletest-j5yxiC/googletest-1.10.0/googletest/src/gtest_main.cc
Note: Google Test filter = HeapTest.Duplicates
[==========] Running 1 test from 1 test suite.
[----------] Global test environment set-up.
[----------] 1 test from HeapTest
[ RUN      ] HeapTest.Duplicates
[       OK ] HeapTest.Duplicates (15 ms)
[----------] 1 test from HeapTest (19 ms total)

[----------] Global test environment tear-down
[==========] 1 test from 1 test suite ran. (33 ms total)
[  PASSED  ] 1 test.
==144== 
==144== HEAP SUMMARY:
==144==     in use at exit: 0 bytes in 0 blocks
==144==   total heap usage: 460 allocs, 460 frees, 130,547 bytes allocated
==144== 
==144== All heap blocks were freed -- no leaks are possible
==144== 
==144== For lists of detected and suppressed errors, rerun with: -s
==144== ERROR SUMMARY: 0 errors from 0 contexts (suppressed: 0 from 0)
<end of output>
Test time =   0.69 sec
----------------------------------------------------------
Test Passed.
"HeapTest.Duplicates" end time: Feb 17 16:49 PST
"HeapTest.Duplicates" time elapsed: 00:00:00
----------------------------------------------------------

36/50 Testing: HeapTest.NegativeElements
36/50 Test: HeapTest.NegativeElements
Command: "/usr/bin/valgrind" "--tool=memcheck" "--leak-check=yes" "--trace-children=no" "--error-exitcode=113" "/work/hw3/hw3/hw3_tests/heap_tests/heap_tests" "--gtest_filter=HeapTest.NegativeElements"
Directory: /work/hw3/hw3/hw3_tests/heap_tests
"HeapTest.NegativeElements" start time: Feb 17 16:49 PST
Output:
----------------------------------------------------------
==145== Memcheck, a memory error detector
==145== Copyright (C) 2002-2017, and GNU GPL'd, by Julian Seward et al.
==145== Using Valgrind-3.15.0 and LibVEX; rerun with -h for copyright info
==145== Command: /work/hw3/hw3/hw3_tests/heap_tests/heap_tests --gtest_filter=HeapTest.NegativeElements
==145== 
Running main() from /build/googletest-j5yxiC/googletest-1.10.0/googletest/src/gtest_main.cc
Note: Google Test filter = HeapTest.NegativeElements
[==========] Running 1 test from 1 test suite.
[----------] Global test environment set-up.
[----------] 1 test from HeapTest
[ RUN      ] HeapTest.NegativeElements
[       OK ] HeapTest.NegativeElements (12 ms)
[----------] 1 test from HeapTest (16 ms total)

[----------] Global test environment tear-down
[==========] 1 test from 1 test suite ran. (30 ms total)
[  PASSED  ] 1 test.
==145== 
==145== HEAP SUMMARY:
==145==     in use at exit: 0 bytes in 0 blocks
==145==   total heap usage: 459 allocs, 459 frees, 130,573 bytes allocated
==145== 
==145== All heap blocks were freed -- no leaks are possible
==145== 
==145== For lists of detected and suppressed errors, rerun with: -s
==145== ERROR SUMMARY: 0 errors from 0 contexts (suppressed: 0 from 0)
<end of output>
Test time =   0.68 sec
----------------------------------------------------------
Test Passed.
"HeapTest.NegativeElements" end time: Feb 17 16:49 PST
"HeapTest.NegativeElements" time elapsed: 00:00:00
----------------------------------------------------------

37/50 Testing: HeapTest.ThreeElementPush_0_5_10
37/50 Test: HeapTest.ThreeElementPush_0_5_10
Command: "/usr/bin/valgrind" "--tool=memcheck" "--leak-check=yes" "--trace-children=no" "--error-exitcode=113" "/work/hw3/hw3/hw3_tests/heap_tests/heap_tests" "--gtest_filter=HeapTest.ThreeElementPush_0_5_10"
Directory: /work/hw3/hw3/hw3_tests/heap_tests
"HeapTest.ThreeElementPush_0_5_10" start time: Feb 17 16:49 PST
Output:
----------------------------------------------------------
==146== Memcheck, a memory error detector
==146== Copyright (C) 2002-2017, and GNU GPL'd, by Julian Seward et al.
==146== Using Valgrind-3.15.0 and LibVEX; rerun with -h for copyright info
==146== Command: /work/hw3/hw3/hw3_tests/heap_tests/heap_tests --gtest_filter=HeapTest.ThreeElementPush_0_5_10
==146== 
Running main() from /build/googletest-j5yxiC/googletest-1.10.0/googletest/src/gtest_main.cc
Note: Google Test filter = HeapTest.ThreeElementPush_0_5_10
[==========] Running 1 test from 1 test suite.
[----------] Global test environment set-up.
[----------] 1 test from HeapTest
[ RUN      ] HeapTest.ThreeElementPush_0_5_10
[       OK ] HeapTest.ThreeElementPush_0_5_10 (15 ms)
[----------] 1 test from HeapTest (19 ms total)

[----------] Global test environment tear-down
[==========] 1 test from 1 test suite ran. (33 ms total)
[  PASSED  ] 1 test.
==146== 
==146== HEAP SUMMARY:
==146==     in use at exit: 0 bytes in 0 blocks
==146==   total heap usage: 460 allocs, 460 frees, 130,692 bytes allocated
==146== 
==146== All heap blocks were freed -- no leaks are possible
==146== 
==146== For lists of detected and suppressed errors, rerun with: -s
==146== ERROR SUMMARY: 0 errors from 0 contexts (suppressed: 0 from 0)
<end of output>
Test time =   0.68 sec
----------------------------------------------------------
Test Passed.
"HeapTest.ThreeElementPush_0_5_10" end time: Feb 17 16:49 PST
"HeapTest.ThreeElementPush_0_5_10" time elapsed: 00:00:00
----------------------------------------------------------

38/50 Testing: HeapTest.ThreeElementPush_0_10_5
38/50 Test: HeapTest.ThreeElementPush_0_10_5
Command: "/usr/bin/valgrind" "--tool=memcheck" "--leak-check=yes" "--trace-children=no" "--error-exitcode=113" "/work/hw3/hw3/hw3_tests/heap_tests/heap_tests" "--gtest_filter=HeapTest.ThreeElementPush_0_10_5"
Directory: /work/hw3/hw3/hw3_tests/heap_tests
"HeapTest.ThreeElementPush_0_10_5" start time: Feb 17 16:49 PST
Output:
----------------------------------------------------------
==147== Memcheck, a memory error detector
==147== Copyright (C) 2002-2017, and GNU GPL'd, by Julian Seward et al.
==147== Using Valgrind-3.15.0 and LibVEX; rerun with -h for copyright info
==147== Command: /work/hw3/hw3/hw3_tests/heap_tests/heap_tests --gtest_filter=HeapTest.ThreeElementPush_0_10_5
==147== 
Running main() from /build/googletest-j5yxiC/googletest-1.10.0/googletest/src/gtest_main.cc
Note: Google Test filter = HeapTest.ThreeElementPush_0_10_5
[==========] Running 1 test from 1 test suite.
[----------] Global test environment set-up.
[----------] 1 test from HeapTest
[ RUN      ] HeapTest.ThreeElementPush_0_10_5
[       OK ] HeapTest.ThreeElementPush_0_10_5 (15 ms)
[----------] 1 test from HeapTest (20 ms total)

[----------] Global test environment tear-down
[==========] 1 test from 1 test suite ran. (33 ms total)
[  PASSED  ] 1 test.
==147== 
==147== HEAP SUMMARY:
==147==     in use at exit: 0 bytes in 0 blocks
==147==   total heap usage: 460 allocs, 460 frees, 130,692 bytes allocated
==147== 
==147== All heap blocks were freed -- no leaks are possible
==147== 
==147== For lists of detected and suppressed errors, rerun with: -s
==147== ERROR SUMMARY: 0 errors from 0 contexts (suppressed: 0 from 0)
<end of output>
Test time =   0.69 sec
----------------------------------------------------------
Test Passed.
"HeapTest.ThreeElementPush_0_10_5" end time: Feb 17 16:49 PST
"HeapTest.ThreeElementPush_0_10_5" time elapsed: 00:00:00
----------------------------------------------------------

39/50 Testing: HeapTest.ThreeElementPush_5_0_10
39/50 Test: HeapTest.ThreeElementPush_5_0_10
Command: "/usr/bin/valgrind" "--tool=memcheck" "--leak-check=yes" "--trace-children=no" "--error-exitcode=113" "/work/hw3/hw3/hw3_tests/heap_tests/heap_tests" "--gtest_filter=HeapTest.ThreeElementPush_5_0_10"
Directory: /work/hw3/hw3/hw3_tests/heap_tests
"HeapTest.ThreeElementPush_5_0_10" start time: Feb 17 16:49 PST
Output:
----------------------------------------------------------
==148== Memcheck, a memory error detector
==148== Copyright (C) 2002-2017, and GNU GPL'd, by Julian Seward et al.
==148== Using Valgrind-3.15.0 and LibVEX; rerun with -h for copyright info
==148== Command: /work/hw3/hw3/hw3_tests/heap_tests/heap_tests --gtest_filter=HeapTest.ThreeElementPush_5_0_10
==148== 
Running main() from /build/googletest-j5yxiC/googletest-1.10.0/googletest/src/gtest_main.cc
Note: Google Test filter = HeapTest.ThreeElementPush_5_0_10
[==========] Running 1 test from 1 test suite.
[----------] Global test environment set-up.
[----------] 1 test from HeapTest
[ RUN      ] HeapTest.ThreeElementPush_5_0_10
[       OK ] HeapTest.ThreeElementPush_5_0_10 (21 ms)
[----------] 1 test from HeapTest (25 ms total)

[----------] Global test environment tear-down
[==========] 1 test from 1 test suite ran. (45 ms total)
[  PASSED  ] 1 test.
==148== 
==148== HEAP SUMMARY:
==148==     in use at exit: 0 bytes in 0 blocks
==148==   total heap usage: 460 allocs, 460 frees, 130,692 bytes allocated
==148== 
==148== All heap blocks were freed -- no leaks are possible
==148== 
==148== For lists of detected and suppressed errors, rerun with: -s
==148== ERROR SUMMARY: 0 errors from 0 contexts (suppressed: 0 from 0)
<end of output>
Test time =   0.75 sec
----------------------------------------------------------
Test Passed.
"HeapTest.ThreeElementPush_5_0_10" end time: Feb 17 16:49 PST
"HeapTest.ThreeElementPush_5_0_10" time elapsed: 00:00:00
----------------------------------------------------------

40/50 Testing: HeapTest.ThreeElementPush_5_10_0
40/50 Test: HeapTest.ThreeElementPush_5_10_0
Command: "/usr/bin/valgrind" "--tool=memcheck" "--leak-check=yes" "--trace-children=no" "--error-exitcode=113" "/work/hw3/hw3/hw3_tests/heap_tests/heap_tests" "--gtest_filter=HeapTest.ThreeElementPush_5_10_0"
Directory: /work/hw3/hw3/hw3_tests/heap_tests
"HeapTest.ThreeElementPush_5_10_0" start time: Feb 17 16:49 PST
Output:
----------------------------------------------------------
==149== Memcheck, a memory error detector
==149== Copyright (C) 2002-2017, and GNU GPL'd, by Julian Seward et al.
==149== Using Valgrind-3.15.0 and LibVEX; rerun with -h for copyright info
==149== Command: /work/hw3/hw3/hw3_tests/heap_tests/heap_tests --gtest_filter=HeapTest.ThreeElementPush_5_10_0
==149== 
Running main() from /build/googletest-j5yxiC/googletest-1.10.0/googletest/src/gtest_main.cc
Note: Google Test filter = HeapTest.ThreeElementPush_5_10_0
[==========] Running 1 test from 1 test suite.
[----------] Global test environment set-up.
[----------] 1 test from HeapTest
[ RUN      ] HeapTest.ThreeElementPush_5_10_0
[       OK ] HeapTest.ThreeElementPush_5_10_0 (16 ms)
[----------] 1 test from HeapTest (20 ms total)

[----------] Global test environment tear-down
[==========] 1 test from 1 test suite ran. (34 ms total)
[  PASSED  ] 1 test.
==149== 
==149== HEAP SUMMARY:
==149==     in use at exit: 0 bytes in 0 blocks
==149==   total heap usage: 460 allocs, 460 frees, 130,692 bytes allocated
==149== 
==149== All heap blocks were freed -- no leaks are possible
==149== 
==149== For lists of detected and suppressed errors, rerun with: -s
==149== ERROR SUMMARY: 0 errors from 0 contexts (suppressed: 0 from 0)
<end of output>
Test time =   0.71 sec
----------------------------------------------------------
Test Passed.
"HeapTest.ThreeElementPush_5_10_0" end time: Feb 17 16:49 PST
"HeapTest.ThreeElementPush_5_10_0" time elapsed: 00:00:00
----------------------------------------------------------

41/50 Testing: HeapTest.ThreeElementPush_10_0_5
41/50 Test: HeapTest.ThreeElementPush_10_0_5
Command: "/usr/bin/valgrind" "--tool=memcheck" "--leak-check=yes" "--trace-children=no" "--error-exitcode=113" "/work/hw3/hw3/hw3_tests/heap_tests/heap_tests" "--gtest_filter=HeapTest.ThreeElementPush_10_0_5"
Directory: /work/hw3/hw3/hw3_tests/heap_tests
"HeapTest.ThreeElementPush_10_0_5" start time: Feb 17 16:49 PST
Output:
----------------------------------------------------------
==150== Memcheck, a memory error detector
==150== Copyright (C) 2002-2017, and GNU GPL'd, by Julian Seward et al.
==150== Using Valgrind-3.15.0 and LibVEX; rerun with -h for copyright info
==150== Command: /work/hw3/hw3/hw3_tests/heap_tests/heap_tests --gtest_filter=HeapTest.ThreeElementPush_10_0_5
==150== 
Running main() from /build/googletest-j5yxiC/googletest-1.10.0/googletest/src/gtest_main.cc
Note: Google Test filter = HeapTest.ThreeElementPush_10_0_5
[==========] Running 1 test from 1 test suite.
[----------] Global test environment set-up.
[----------] 1 test from HeapTest
[ RUN      ] HeapTest.ThreeElementPush_10_0_5
[       OK ] HeapTest.ThreeElementPush_10_0_5 (15 ms)
[----------] 1 test from HeapTest (19 ms total)

[----------] Global test environment tear-down
[==========] 1 test from 1 test suite ran. (33 ms total)
[  PASSED  ] 1 test.
==150== 
==150== HEAP SUMMARY:
==150==     in use at exit: 0 bytes in 0 blocks
==150==   total heap usage: 460 allocs, 460 frees, 130,692 bytes allocated
==150== 
==150== All heap blocks were freed -- no leaks are possible
==150== 
==150== For lists of detected and suppressed errors, rerun with: -s
==150== ERROR SUMMARY: 0 errors from 0 contexts (suppressed: 0 from 0)
<end of output>
Test time =   0.80 sec
----------------------------------------------------------
Test Passed.
"HeapTest.ThreeElementPush_10_0_5" end time: Feb 17 16:49 PST
"HeapTest.ThreeElementPush_10_0_5" time elapsed: 00:00:00
----------------------------------------------------------

42/50 Testing: HeapTest.ThreeElementPush_10_5_0
42/50 Test: HeapTest.ThreeElementPush_10_5_0
Command: "/usr/bin/valgrind" "--tool=memcheck" "--leak-check=yes" "--trace-children=no" "--error-exitcode=113" "/work/hw3/hw3/hw3_tests/heap_tests/heap_tests" "--gtest_filter=HeapTest.ThreeElementPush_10_5_0"
Directory: /work/hw3/hw3/hw3_tests/heap_tests
"HeapTest.ThreeElementPush_10_5_0" start time: Feb 17 16:49 PST
Output:
----------------------------------------------------------
==151== Memcheck, a memory error detector
==151== Copyright (C) 2002-2017, and GNU GPL'd, by Julian Seward et al.
==151== Using Valgrind-3.15.0 and LibVEX; rerun with -h for copyright info
==151== Command: /work/hw3/hw3/hw3_tests/heap_tests/heap_tests --gtest_filter=HeapTest.ThreeElementPush_10_5_0
==151== 
Running main() from /build/googletest-j5yxiC/googletest-1.10.0/googletest/src/gtest_main.cc
Note: Google Test filter = HeapTest.ThreeElementPush_10_5_0
[==========] Running 1 test from 1 test suite.
[----------] Global test environment set-up.
[----------] 1 test from HeapTest
[ RUN      ] HeapTest.ThreeElementPush_10_5_0
[       OK ] HeapTest.ThreeElementPush_10_5_0 (16 ms)
[----------] 1 test from HeapTest (21 ms total)

[----------] Global test environment tear-down
[==========] 1 test from 1 test suite ran. (36 ms total)
[  PASSED  ] 1 test.
==151== 
==151== HEAP SUMMARY:
==151==     in use at exit: 0 bytes in 0 blocks
==151==   total heap usage: 460 allocs, 460 frees, 130,692 bytes allocated
==151== 
==151== All heap blocks were freed -- no leaks are possible
==151== 
==151== For lists of detected and suppressed errors, rerun with: -s
==151== ERROR SUMMARY: 0 errors from 0 contexts (suppressed: 0 from 0)
<end of output>
Test time =   0.67 sec
----------------------------------------------------------
Test Passed.
"HeapTest.ThreeElementPush_10_5_0" end time: Feb 17 16:49 PST
"HeapTest.ThreeElementPush_10_5_0" time elapsed: 00:00:00
----------------------------------------------------------

43/50 Testing: HeapTest.GreaterComparator
43/50 Test: HeapTest.GreaterComparator
Command: "/usr/bin/valgrind" "--tool=memcheck" "--leak-check=yes" "--trace-children=no" "--error-exitcode=113" "/work/hw3/hw3/hw3_tests/heap_tests/heap_tests" "--gtest_filter=HeapTest.GreaterComparator"
Directory: /work/hw3/hw3/hw3_tests/heap_tests
"HeapTest.GreaterComparator" start time: Feb 17 16:49 PST
Output:
----------------------------------------------------------
==152== Memcheck, a memory error detector
==152== Copyright (C) 2002-2017, and GNU GPL'd, by Julian Seward et al.
==152== Using Valgrind-3.15.0 and LibVEX; rerun with -h for copyright info
==152== Command: /work/hw3/hw3/hw3_tests/heap_tests/heap_tests --gtest_filter=HeapTest.GreaterComparator
==152== 
Running main() from /build/googletest-j5yxiC/googletest-1.10.0/googletest/src/gtest_main.cc
Note: Google Test filter = HeapTest.GreaterComparator
[==========] Running 1 test from 1 test suite.
[----------] Global test environment set-up.
[----------] 1 test from HeapTest
[ RUN      ] HeapTest.GreaterComparator
[       OK ] HeapTest.GreaterComparator (15 ms)
[----------] 1 test from HeapTest (19 ms total)

[----------] Global test environment tear-down
[==========] 1 test from 1 test suite ran. (34 ms total)
[  PASSED  ] 1 test.
==152== 
==152== HEAP SUMMARY:
==152==     in use at exit: 0 bytes in 0 blocks
==152==   total heap usage: 460 allocs, 460 frees, 130,596 bytes allocated
==152== 
==152== All heap blocks were freed -- no leaks are possible
==152== 
==152== For lists of detected and suppressed errors, rerun with: -s
==152== ERROR SUMMARY: 0 errors from 0 contexts (suppressed: 0 from 0)
<end of output>
Test time =   0.72 sec
----------------------------------------------------------
Test Passed.
"HeapTest.GreaterComparator" end time: Feb 17 16:49 PST
"HeapTest.GreaterComparator" time elapsed: 00:00:00
----------------------------------------------------------

44/50 Testing: HeapTest.StringStorage
44/50 Test: HeapTest.StringStorage
Command: "/usr/bin/valgrind" "--tool=memcheck" "--leak-check=yes" "--trace-children=no" "--error-exitcode=113" "/work/hw3/hw3/hw3_tests/heap_tests/heap_tests" "--gtest_filter=HeapTest.StringStorage"
Directory: /work/hw3/hw3/hw3_tests/heap_tests
"HeapTest.StringStorage" start time: Feb 17 16:49 PST
Output:
----------------------------------------------------------
==153== Memcheck, a memory error detector
==153== Copyright (C) 2002-2017, and GNU GPL'd, by Julian Seward et al.
==153== Using Valgrind-3.15.0 and LibVEX; rerun with -h for copyright info
==153== Command: /work/hw3/hw3/hw3_tests/heap_tests/heap_tests --gtest_filter=HeapTest.StringStorage
==153== 
Running main() from /build/googletest-j5yxiC/googletest-1.10.0/googletest/src/gtest_main.cc
Note: Google Test filter = HeapTest.StringStorage
[==========] Running 1 test from 1 test suite.
[----------] Global test environment set-up.
[----------] 1 test from HeapTest
[ RUN      ] HeapTest.StringStorage
[       OK ] HeapTest.StringStorage (13 ms)
[----------] 1 test from HeapTest (17 ms total)

[----------] Global test environment tear-down
[==========] 1 test from 1 test suite ran. (31 ms total)
[  PASSED  ] 1 test.
==153== 
==153== HEAP SUMMARY:
==153==     in use at exit: 0 bytes in 0 blocks
==153==   total heap usage: 460 allocs, 460 frees, 130,764 bytes allocated
==153== 
==153== All heap blocks were freed -- no leaks are possible
==153== 
==153== For lists of detected and suppressed errors, rerun with: -s
==153== ERROR SUMMARY: 0 errors from 0 contexts (suppressed: 0 from 0)
<end of output>
Test time =   0.71 sec
----------------------------------------------------------
Test Passed.
"HeapTest.StringStorage" end time: Feb 17 16:49 PST
"HeapTest.StringStorage" time elapsed: 00:00:00
----------------------------------------------------------

45/50 Testing: HeapTest.FiveElementPush_TrinaryHeap
45/50 Test: HeapTest.FiveElementPush_TrinaryHeap
Command: "/usr/bin/valgrind" "--tool=memcheck" "--leak-check=yes" "--trace-children=no" "--error-exitcode=113" "/work/hw3/hw3/hw3_tests/heap_tests/heap_tests" "--gtest_filter=HeapTest.FiveElementPush_TrinaryHeap"
Directory: /work/hw3/hw3/hw3_tests/heap_tests
"HeapTest.FiveElementPush_TrinaryHeap" start time: Feb 17 16:49 PST
Output:
----------------------------------------------------------
==154== Memcheck, a memory error detector
==154== Copyright (C) 2002-2017, and GNU GPL'd, by Julian Seward et al.
==154== Using Valgrind-3.15.0 and LibVEX; rerun with -h for copyright info
==154== Command: /work/hw3/hw3/hw3_tests/heap_tests/heap_tests --gtest_filter=HeapTest.FiveElementPush_TrinaryHeap
==154== 
Running main() from /build/googletest-j5yxiC/googletest-1.10.0/googletest/src/gtest_main.cc
Note: Google Test filter = HeapTest.FiveElementPush_TrinaryHeap
[==========] Running 1 test from 1 test suite.
[----------] Global test environment set-up.
[----------] 1 test from HeapTest
[ RUN      ] HeapTest.FiveElementPush_TrinaryHeap
[       OK ] HeapTest.FiveElementPush_TrinaryHeap (18 ms)
[----------] 1 test from HeapTest (22 ms total)

[----------] Global test environment tear-down
[==========] 1 test from 1 test suite ran. (36 ms total)
[  PASSED  ] 1 test.
==154== 
==154== HEAP SUMMARY:
==154==     in use at exit: 0 bytes in 0 blocks
==154==   total heap usage: 461 allocs, 461 frees, 130,860 bytes allocated
==154== 
==154== All heap blocks were freed -- no leaks are possible
==154== 
==154== For lists of detected and suppressed errors, rerun with: -s
==154== ERROR SUMMARY: 0 errors from 0 contexts (suppressed: 0 from 0)
<end of output>
Test time =   0.70 sec
----------------------------------------------------------
Test Passed.
"HeapTest.FiveElementPush_TrinaryHeap" end time: Feb 17 16:49 PST
"HeapTest.FiveElementPush_TrinaryHeap" time elapsed: 00:00:00
----------------------------------------------------------

46/50 Testing: HeapTest.SixElementPush_QuaternaryHeap
46/50 Test: HeapTest.SixElementPush_QuaternaryHeap
Command: "/usr/bin/valgrind" "--tool=memcheck" "--leak-check=yes" "--trace-children=no" "--error-exitcode=113" "/work/hw3/hw3/hw3_tests/heap_tests/heap_tests" "--gtest_filter=HeapTest.SixElementPush_QuaternaryHeap"
Directory: /work/hw3/hw3/hw3_tests/heap_tests
"HeapTest.SixElementPush_QuaternaryHeap" start time: Feb 17 16:49 PST
Output:
----------------------------------------------------------
==155== Memcheck, a memory error detector
==155== Copyright (C) 2002-2017, and GNU GPL'd, by Julian Seward et al.
==155== Using Valgrind-3.15.0 and LibVEX; rerun with -h for copyright info
==155== Command: /work/hw3/hw3/hw3_tests/heap_tests/heap_tests --gtest_filter=HeapTest.SixElementPush_QuaternaryHeap
==155== 
Running main() from /build/googletest-j5yxiC/googletest-1.10.0/googletest/src/gtest_main.cc
Note: Google Test filter = HeapTest.SixElementPush_QuaternaryHeap
[==========] Running 1 test from 1 test suite.
[----------] Global test environment set-up.
[----------] 1 test from HeapTest
[ RUN      ] HeapTest.SixElementPush_QuaternaryHeap
Just popped 0
5
Just popped 0
10
Just popped 0
15
Just popped 0
20
Just popped 0
25
[       OK ] HeapTest.SixElementPush_QuaternaryHeap (21 ms)
[----------] 1 test from HeapTest (25 ms total)

[----------] Global test environment tear-down
[==========] 1 test from 1 test suite ran. (39 ms total)
[  PASSED  ] 1 test.
==155== 
==155== HEAP SUMMARY:
==155==     in use at exit: 0 bytes in 0 blocks
==155==   total heap usage: 461 allocs, 461 frees, 130,928 bytes allocated
==155== 
==155== All heap blocks were freed -- no leaks are possible
==155== 
==155== For lists of detected and suppressed errors, rerun with: -s
==155== ERROR SUMMARY: 0 errors from 0 contexts (suppressed: 0 from 0)
<end of output>
Test time =   0.74 sec
----------------------------------------------------------
Test Passed.
"HeapTest.SixElementPush_QuaternaryHeap" end time: Feb 17 16:49 PST
"HeapTest.SixElementPush_QuaternaryHeap" time elapsed: 00:00:00
----------------------------------------------------------

47/50 Testing: HeapStress.50x50RandomElements_BinaryHeap
47/50 Test: HeapStress.50x50RandomElements_BinaryHeap
Command: "/usr/bin/valgrind" "--tool=memcheck" "--leak-check=yes" "--trace-children=no" "--error-exitcode=113" "/work/hw3/hw3/hw3_tests/heap_tests/heap_tests" "--gtest_filter=HeapStress.50x50RandomElements_BinaryHeap"
Directory: /work/hw3/hw3/hw3_tests/heap_tests
"HeapStress.50x50RandomElements_BinaryHeap" start time: Feb 17 16:49 PST
Output:
----------------------------------------------------------
==156== Memcheck, a memory error detector
==156== Copyright (C) 2002-2017, and GNU GPL'd, by Julian Seward et al.
==156== Using Valgrind-3.15.0 and LibVEX; rerun with -h for copyright info
==156== Command: /work/hw3/hw3/hw3_tests/heap_tests/heap_tests --gtest_filter=HeapStress.50x50RandomElements_BinaryHeap
==156== 
Running main() from /build/googletest-j5yxiC/googletest-1.10.0/googletest/src/gtest_main.cc
Note: Google Test filter = HeapStress.50x50RandomElements_BinaryHeap
[==========] Running 1 test from 1 test suite.
[----------] Global test environment set-up.
[----------] 1 test from HeapStress
[ RUN      ] HeapStress.50x50RandomElements_BinaryHeap
[       OK ] HeapStress.50x50RandomElements_BinaryHeap (100 ms)
[----------] 1 test from HeapStress (104 ms total)

[----------] Global test environment tear-down
[==========] 1 test from 1 test suite ran. (118 ms total)
[  PASSED  ] 1 test.
==156== 
==156== HEAP SUMMARY:
==156==     in use at exit: 0 bytes in 0 blocks
==156==   total heap usage: 958 allocs, 958 frees, 178,562 bytes allocated
==156== 
==156== All heap blocks were freed -- no leaks are possible
==156== 
==156== For lists of detected and suppressed errors, rerun with: -s
==156== ERROR SUMMARY: 0 errors from 0 contexts (suppressed: 0 from 0)
<end of output>
Test time =   0.78 sec
----------------------------------------------------------
Test Passed.
"HeapStress.50x50RandomElements_BinaryHeap" end time: Feb 17 16:49 PST
"HeapStress.50x50RandomElements_BinaryHeap" time elapsed: 00:00:00
----------------------------------------------------------

48/50 Testing: HeapStress.50x50RandomElements_QuaternaryHeap
48/50 Test: HeapStress.50x50RandomElements_QuaternaryHeap
Command: "/usr/bin/valgrind" "--tool=memcheck" "--leak-check=yes" "--trace-children=no" "--error-exitcode=113" "/work/hw3/hw3/hw3_tests/heap_tests/heap_tests" "--gtest_filter=HeapStress.50x50RandomElements_QuaternaryHeap"
Directory: /work/hw3/hw3/hw3_tests/heap_tests
"HeapStress.50x50RandomElements_QuaternaryHeap" start time: Feb 17 16:49 PST
Output:
----------------------------------------------------------
==157== Memcheck, a memory error detector
==157== Copyright (C) 2002-2017, and GNU GPL'd, by Julian Seward et al.
==157== Using Valgrind-3.15.0 and LibVEX; rerun with -h for copyright info
==157== Command: /work/hw3/hw3/hw3_tests/heap_tests/heap_tests --gtest_filter=HeapStress.50x50RandomElements_QuaternaryHeap
==157== 
Running main() from /build/googletest-j5yxiC/googletest-1.10.0/googletest/src/gtest_main.cc
Note: Google Test filter = HeapStress.50x50RandomElements_QuaternaryHeap
[==========] Running 1 test from 1 test suite.
[----------] Global test environment set-up.
[----------] 1 test from HeapStress
[ RUN      ] HeapStress.50x50RandomElements_QuaternaryHeap
[       OK ] HeapStress.50x50RandomElements_QuaternaryHeap (100 ms)
[----------] 1 test from HeapStress (104 ms total)

[----------] Global test environment tear-down
[==========] 1 test from 1 test suite ran. (119 ms total)
[  PASSED  ] 1 test.
==157== 
==157== HEAP SUMMARY:
==157==     in use at exit: 0 bytes in 0 blocks
==157==   total heap usage: 958 allocs, 958 frees, 178,698 bytes allocated
==157== 
==157== All heap blocks were freed -- no leaks are possible
==157== 
==157== For lists of detected and suppressed errors, rerun with: -s
==157== ERROR SUMMARY: 0 errors from 0 contexts (suppressed: 0 from 0)
<end of output>
Test time =   0.85 sec
----------------------------------------------------------
Test Passed.
"HeapStress.50x50RandomElements_QuaternaryHeap" end time: Feb 17 16:49 PST
"HeapStress.50x50RandomElements_QuaternaryHeap" time elapsed: 00:00:00
----------------------------------------------------------

49/50 Testing: HeapStress.50x50RandomElements_DodecenaryHeap
49/50 Test: HeapStress.50x50RandomElements_DodecenaryHeap
Command: "/usr/bin/valgrind" "--tool=memcheck" "--leak-check=yes" "--trace-children=no" "--error-exitcode=113" "/work/hw3/hw3/hw3_tests/heap_tests/heap_tests" "--gtest_filter=HeapStress.50x50RandomElements_DodecenaryHeap"
Directory: /work/hw3/hw3/hw3_tests/heap_tests
"HeapStress.50x50RandomElements_DodecenaryHeap" start time: Feb 17 16:49 PST
Output:
----------------------------------------------------------
==158== Memcheck, a memory error detector
==158== Copyright (C) 2002-2017, and GNU GPL'd, by Julian Seward et al.
==158== Using Valgrind-3.15.0 and LibVEX; rerun with -h for copyright info
==158== Command: /work/hw3/hw3/hw3_tests/heap_tests/heap_tests --gtest_filter=HeapStress.50x50RandomElements_DodecenaryHeap
==158== 
Running main() from /build/googletest-j5yxiC/googletest-1.10.0/googletest/src/gtest_main.cc
Note: Google Test filter = HeapStress.50x50RandomElements_DodecenaryHeap
[==========] Running 1 test from 1 test suite.
[----------] Global test environment set-up.
[----------] 1 test from HeapStress
[ RUN      ] HeapStress.50x50RandomElements_DodecenaryHeap
[       OK ] HeapStress.50x50RandomElements_DodecenaryHeap (100 ms)
[----------] 1 test from HeapStress (105 ms total)

[----------] Global test environment tear-down
[==========] 1 test from 1 test suite ran. (120 ms total)
[  PASSED  ] 1 test.
==158== 
==158== HEAP SUMMARY:
==158==     in use at exit: 0 bytes in 0 blocks
==158==   total heap usage: 958 allocs, 958 frees, 178,698 bytes allocated
==158== 
==158== All heap blocks were freed -- no leaks are possible
==158== 
==158== For lists of detected and suppressed errors, rerun with: -s
==158== ERROR SUMMARY: 0 errors from 0 contexts (suppressed: 0 from 0)
<end of output>
Test time =   0.82 sec
----------------------------------------------------------
Test Passed.
"HeapStress.50x50RandomElements_DodecenaryHeap" end time: Feb 17 16:49 PST
"HeapStress.50x50RandomElements_DodecenaryHeap" time elapsed: 00:00:00
----------------------------------------------------------

50/50 Testing: HeapStress.2x2000RandomElements_Binary
50/50 Test: HeapStress.2x2000RandomElements_Binary
Command: "/usr/bin/valgrind" "--tool=memcheck" "--leak-check=yes" "--trace-children=no" "--error-exitcode=113" "/work/hw3/hw3/hw3_tests/heap_tests/heap_tests" "--gtest_filter=HeapStress.2x2000RandomElements_Binary"
Directory: /work/hw3/hw3/hw3_tests/heap_tests
"HeapStress.2x2000RandomElements_Binary" start time: Feb 17 16:49 PST
Output:
----------------------------------------------------------
==159== Memcheck, a memory error detector
==159== Copyright (C) 2002-2017, and GNU GPL'd, by Julian Seward et al.
==159== Using Valgrind-3.15.0 and LibVEX; rerun with -h for copyright info
==159== Command: /work/hw3/hw3/hw3_tests/heap_tests/heap_tests --gtest_filter=HeapStress.2x2000RandomElements_Binary
==159== 
Running main() from /build/googletest-j5yxiC/googletest-1.10.0/googletest/src/gtest_main.cc
Note: Google Test filter = HeapStress.2x2000RandomElements_Binary
[==========] Running 1 test from 1 test suite.
[----------] Global test environment set-up.
[----------] 1 test from HeapStress
[ RUN      ] HeapStress.2x2000RandomElements_Binary
[       OK ] HeapStress.2x2000RandomElements_Binary (117 ms)
[----------] 1 test from HeapStress (121 ms total)

[----------] Global test environment tear-down
[==========] 1 test from 1 test suite ran. (135 ms total)
[  PASSED  ] 1 test.
==159== 
==159== HEAP SUMMARY:
==159==     in use at exit: 0 bytes in 0 blocks
==159==   total heap usage: 488 allocs, 488 frees, 195,708 bytes allocated
==159== 
==159== All heap blocks were freed -- no leaks are possible
==159== 
==159== For lists of detected and suppressed errors, rerun with: -s
==159== ERROR SUMMARY: 0 errors from 0 contexts (suppressed: 0 from 0)
<end of output>
Test time =   0.78 sec
----------------------------------------------------------
Test Passed.
"HeapStress.2x2000RandomElements_Binary" end time: Feb 17 16:49 PST
"HeapStress.2x2000RandomElements_Binary" time elapsed: 00:00:00
----------------------------------------------------------

End testing: Feb 17 16:49 PST
